<?xml version="1.0" encoding="UTF-8"?>
<robot generator="Robot 7.4.1 (Python 3.12.8 on win32)" generated="2026-02-18T13:49:51.701540" rpa="false" schemaversion="5">
<suite id="s1" name="Tc04" source="C:\SE_Sprint1\Test\TS00-3\tc04.robot">
<kw name="Open Browser To Login Page" type="SETUP">
<kw name="Open Browser" owner="SeleniumLibrary">
<msg time="2026-02-18T13:49:51.845701" level="INFO">Opening browser 'chrome' to base url 'http://localhost:3001/login'.</msg>
<arg>${URL}</arg>
<arg>${BROWSER}</arg>
<doc>Opens a new browser instance to the optional ``url``.</doc>
<status status="PASS" start="2026-02-18T13:49:51.845189" elapsed="1.466886"/>
</kw>
<kw name="Maximize Browser Window" owner="SeleniumLibrary">
<doc>Maximizes current browser window.</doc>
<status status="PASS" start="2026-02-18T13:49:53.313065" elapsed="0.024895"/>
</kw>
<kw name="Set Selenium Speed" owner="SeleniumLibrary">
<arg>1s</arg>
<doc>Sets the delay that is waited after each Selenium command.</doc>
<status status="PASS" start="2026-02-18T13:49:53.337960" elapsed="0.000000"/>
</kw>
<kw name="Capture Page Screenshot" owner="SeleniumLibrary">
<msg time="2026-02-18T13:49:54.568768" level="INFO" html="true">&lt;/td&gt;&lt;/tr&gt;&lt;tr&gt;&lt;td colspan="3"&gt;&lt;a href="view_login_open.png"&gt;&lt;img src="view_login_open.png" width="800px"&gt;&lt;/a&gt;</msg>
<arg>view_login_open.png</arg>
<doc>Takes a screenshot of the current page and embeds it into a log file.</doc>
<status status="PASS" start="2026-02-18T13:49:53.338960" elapsed="1.229808"/>
</kw>
<status status="PASS" start="2026-02-18T13:49:51.845189" elapsed="2.723579"/>
</kw>
<test id="s1-t1" name="Verify User Can View Submitted Reports" line="14">
<kw name="Login To System">
<kw name="Wait Until Element Is Visible" owner="SeleniumLibrary">
<arg>id=identifier</arg>
<arg>15s</arg>
<doc>Waits until the element ``locator`` is visible.</doc>
<status status="PASS" start="2026-02-18T13:49:54.569769" elapsed="2.016112"/>
</kw>
<kw name="Capture Page Screenshot" owner="SeleniumLibrary">
<msg time="2026-02-18T13:49:57.648758" level="INFO" html="true">&lt;/td&gt;&lt;/tr&gt;&lt;tr&gt;&lt;td colspan="3"&gt;&lt;a href="view_login_page.png"&gt;&lt;img src="view_login_page.png" width="800px"&gt;&lt;/a&gt;</msg>
<arg>view_login_page.png</arg>
<doc>Takes a screenshot of the current page and embeds it into a log file.</doc>
<status status="PASS" start="2026-02-18T13:49:56.585881" elapsed="1.062877"/>
</kw>
<kw name="Input Text" owner="SeleniumLibrary">
<msg time="2026-02-18T13:49:57.649757" level="INFO">Typing text 'User01' into text field 'id=identifier'.</msg>
<arg>id=identifier</arg>
<arg>${USERNAME}</arg>
<doc>Types the given ``text`` into the text field identified by ``locator``.</doc>
<status status="PASS" start="2026-02-18T13:49:57.648758" elapsed="3.064583"/>
</kw>
<kw name="Input Text" owner="SeleniumLibrary">
<msg time="2026-02-18T13:50:00.713852" level="INFO">Typing text 't1234567' into text field 'xpath=//input[@type="password"]'.</msg>
<arg>xpath=//input[@type="password"]</arg>
<arg>${PASSWORD}</arg>
<doc>Types the given ``text`` into the text field identified by ``locator``.</doc>
<status status="PASS" start="2026-02-18T13:50:00.713852" elapsed="3.052782"/>
</kw>
<kw name="Capture Page Screenshot" owner="SeleniumLibrary">
<msg time="2026-02-18T13:50:04.839097" level="INFO" html="true">&lt;/td&gt;&lt;/tr&gt;&lt;tr&gt;&lt;td colspan="3"&gt;&lt;a href="view_login_filled.png"&gt;&lt;img src="view_login_filled.png" width="800px"&gt;&lt;/a&gt;</msg>
<arg>view_login_filled.png</arg>
<doc>Takes a screenshot of the current page and embeds it into a log file.</doc>
<status status="PASS" start="2026-02-18T13:50:03.766634" elapsed="1.072463"/>
</kw>
<kw name="Click Element" owner="SeleniumLibrary">
<msg time="2026-02-18T13:50:04.839097" level="INFO">Clicking element 'xpath=//button[normalize-space()="เข้าสู่ระบบ"]'.</msg>
<arg>xpath=//button[normalize-space()="เข้าสู่ระบบ"]</arg>
<doc>Click the element identified by ``locator``.</doc>
<status status="PASS" start="2026-02-18T13:50:04.839097" elapsed="2.039167"/>
</kw>
<kw name="Wait Until Element Is Not Visible" owner="SeleniumLibrary">
<arg>id=identifier</arg>
<arg>15s</arg>
<doc>Waits until the element ``locator`` is not visible.</doc>
<status status="PASS" start="2026-02-18T13:50:06.878264" elapsed="1.008068"/>
</kw>
<kw name="Capture Page Screenshot" owner="SeleniumLibrary">
<msg time="2026-02-18T13:50:08.984995" level="INFO" html="true">&lt;/td&gt;&lt;/tr&gt;&lt;tr&gt;&lt;td colspan="3"&gt;&lt;a href="view_login_success.png"&gt;&lt;img src="view_login_success.png" width="800px"&gt;&lt;/a&gt;</msg>
<arg>view_login_success.png</arg>
<doc>Takes a screenshot of the current page and embeds it into a log file.</doc>
<status status="PASS" start="2026-02-18T13:50:07.886332" elapsed="1.098663"/>
</kw>
<status status="PASS" start="2026-02-18T13:49:54.568768" elapsed="14.416227"/>
</kw>
<kw name="Go To My Reports Page">
<kw name="Go To" owner="SeleniumLibrary">
<msg time="2026-02-18T13:50:08.985503" level="INFO">Opening url 'http://localhost:3001/myReports'</msg>
<arg>http://localhost:3001/myReports</arg>
<doc>Navigates the current browser window to the provided ``url``.</doc>
<status status="PASS" start="2026-02-18T13:50:08.985503" elapsed="2.220761"/>
</kw>
<kw name="Wait Until Location Contains" owner="SeleniumLibrary">
<arg>myReports</arg>
<arg>10s</arg>
<doc>Waits until the current URL contains ``expected``.</doc>
<status status="PASS" start="2026-02-18T13:50:11.206264" elapsed="1.006723"/>
</kw>
<kw name="Capture Page Screenshot" owner="SeleniumLibrary">
<msg time="2026-02-18T13:50:13.298461" level="INFO" html="true">&lt;/td&gt;&lt;/tr&gt;&lt;tr&gt;&lt;td colspan="3"&gt;&lt;a href="view_myreports_page.png"&gt;&lt;img src="view_myreports_page.png" width="800px"&gt;&lt;/a&gt;</msg>
<arg>view_myreports_page.png</arg>
<doc>Takes a screenshot of the current page and embeds it into a log file.</doc>
<status status="PASS" start="2026-02-18T13:50:12.212987" elapsed="1.086474"/>
</kw>
<status status="PASS" start="2026-02-18T13:50:08.985503" elapsed="4.313958"/>
</kw>
<kw name="Verify Reports Displayed Correctly">
<kw name="Location Should Contain" owner="SeleniumLibrary">
<msg time="2026-02-18T13:50:14.306233" level="INFO">Current location contains 'myReports'.</msg>
<arg>myReports</arg>
<doc>Verifies that the current URL contains ``expected``.</doc>
<status status="PASS" start="2026-02-18T13:50:13.300457" elapsed="1.005776"/>
</kw>
<kw name="Wait Until Element Is Visible" owner="SeleniumLibrary">
<arg>xpath=//h3[contains(@class,'font-medium')]</arg>
<arg>10s</arg>
<doc>Waits until the element ``locator`` is visible.</doc>
<status status="PASS" start="2026-02-18T13:50:14.306233" elapsed="2.020278"/>
</kw>
<kw name="Capture Page Screenshot" owner="SeleniumLibrary">
<msg time="2026-02-18T13:50:17.402255" level="INFO" html="true">&lt;/td&gt;&lt;/tr&gt;&lt;tr&gt;&lt;td colspan="3"&gt;&lt;a href="view_report_list_loaded.png"&gt;&lt;img src="view_report_list_loaded.png" width="800px"&gt;&lt;/a&gt;</msg>
<arg>view_report_list_loaded.png</arg>
<doc>Takes a screenshot of the current page and embeds it into a log file.</doc>
<status status="PASS" start="2026-02-18T13:50:16.326511" elapsed="1.075744"/>
</kw>
<kw name="Page Should Contain Element" owner="SeleniumLibrary">
<msg time="2026-02-18T13:50:18.413665" level="INFO">Current page contains element 'xpath=//span[normalize-space()="คนขับ"]'.</msg>
<arg>xpath=//span[normalize-space()="คนขับ"]</arg>
<doc>Verifies that element ``locator`` is found on the current page.</doc>
<status status="PASS" start="2026-02-18T13:50:17.403249" elapsed="1.010416"/>
</kw>
<kw name="Capture Page Screenshot" owner="SeleniumLibrary">
<msg time="2026-02-18T13:50:19.492949" level="INFO" html="true">&lt;/td&gt;&lt;/tr&gt;&lt;tr&gt;&lt;td colspan="3"&gt;&lt;a href="view_category_verified.png"&gt;&lt;img src="view_category_verified.png" width="800px"&gt;&lt;/a&gt;</msg>
<arg>view_category_verified.png</arg>
<doc>Takes a screenshot of the current page and embeds it into a log file.</doc>
<status status="PASS" start="2026-02-18T13:50:18.414175" elapsed="1.079772"/>
</kw>
<kw name="Page Should Contain Element" owner="SeleniumLibrary">
<msg time="2026-02-18T13:50:20.503252" level="INFO">Current page contains element 'xpath=//span[normalize-space()="HIGH"]'.</msg>
<arg>xpath=//span[normalize-space()="HIGH"]</arg>
<doc>Verifies that element ``locator`` is found on the current page.</doc>
<status status="PASS" start="2026-02-18T13:50:19.493947" elapsed="1.009305"/>
</kw>
<kw name="Capture Page Screenshot" owner="SeleniumLibrary">
<msg time="2026-02-18T13:50:21.574268" level="INFO" html="true">&lt;/td&gt;&lt;/tr&gt;&lt;tr&gt;&lt;td colspan="3"&gt;&lt;a href="view_priority_verified.png"&gt;&lt;img src="view_priority_verified.png" width="800px"&gt;&lt;/a&gt;</msg>
<arg>view_priority_verified.png</arg>
<doc>Takes a screenshot of the current page and embeds it into a log file.</doc>
<status status="PASS" start="2026-02-18T13:50:20.503252" elapsed="1.071016"/>
</kw>
<kw name="Page Should Contain Element" owner="SeleniumLibrary">
<msg time="2026-02-18T13:50:22.587937" level="INFO">Current page contains element 'xpath=//span[contains(text(),"แก้ไขแล้ว")]'.</msg>
<arg>xpath=//span[contains(text(),"แก้ไขแล้ว")]</arg>
<doc>Verifies that element ``locator`` is found on the current page.</doc>
<status status="PASS" start="2026-02-18T13:50:21.575272" elapsed="1.012665"/>
</kw>
<kw name="Capture Page Screenshot" owner="SeleniumLibrary">
<msg time="2026-02-18T13:50:23.657156" level="INFO" html="true">&lt;/td&gt;&lt;/tr&gt;&lt;tr&gt;&lt;td colspan="3"&gt;&lt;a href="view_status_verified.png"&gt;&lt;img src="view_status_verified.png" width="800px"&gt;&lt;/a&gt;</msg>
<arg>view_status_verified.png</arg>
<doc>Takes a screenshot of the current page and embeds it into a log file.</doc>
<status status="PASS" start="2026-02-18T13:50:22.587937" elapsed="1.069219"/>
</kw>
<kw name="Page Should Contain Element" owner="SeleniumLibrary">
<msg time="2026-02-18T13:50:24.667854" level="INFO">Current page contains element 'xpath=//*[contains(text(),"คนขับ ขับรถหวาดเสียวและตะโกนด่ารถคันอื่นๆ ตลอด")]'.</msg>
<arg>xpath=//*[contains(text(),"คนขับ ขับรถหวาดเสียวและตะโกนด่ารถคันอื่นๆ ตลอด")]</arg>
<doc>Verifies that element ``locator`` is found on the current page.</doc>
<status status="PASS" start="2026-02-18T13:50:23.657156" elapsed="1.010698"/>
</kw>
<kw name="Capture Page Screenshot" owner="SeleniumLibrary">
<msg time="2026-02-18T13:50:25.767910" level="INFO" html="true">&lt;/td&gt;&lt;/tr&gt;&lt;tr&gt;&lt;td colspan="3"&gt;&lt;a href="view_description_verified.png"&gt;&lt;img src="view_description_verified.png" width="800px"&gt;&lt;/a&gt;</msg>
<arg>view_description_verified.png</arg>
<doc>Takes a screenshot of the current page and embeds it into a log file.</doc>
<status status="PASS" start="2026-02-18T13:50:24.667854" elapsed="1.100056"/>
</kw>
<kw name="Page Should Contain Element" owner="SeleniumLibrary">
<msg time="2026-02-18T13:50:26.777797" level="INFO">Current page contains element 'xpath=//*[contains(text(),"ดำเนินการแก้ไขเรียบร้อยแล้ว")]'.</msg>
<arg>xpath=//*[contains(text(),"ดำเนินการแก้ไขเรียบร้อยแล้ว")]</arg>
<doc>Verifies that element ``locator`` is found on the current page.</doc>
<status status="PASS" start="2026-02-18T13:50:25.767910" elapsed="1.009887"/>
</kw>
<kw name="Capture Page Screenshot" owner="SeleniumLibrary">
<msg time="2026-02-18T13:50:27.863566" level="INFO" html="true">&lt;/td&gt;&lt;/tr&gt;&lt;tr&gt;&lt;td colspan="3"&gt;&lt;a href="view_admin_note_verified.png"&gt;&lt;img src="view_admin_note_verified.png" width="800px"&gt;&lt;/a&gt;</msg>
<arg>view_admin_note_verified.png</arg>
<doc>Takes a screenshot of the current page and embeds it into a log file.</doc>
<status status="PASS" start="2026-02-18T13:50:26.777797" elapsed="1.085769"/>
</kw>
<kw name="Page Should Contain Element" owner="SeleniumLibrary">
<msg time="2026-02-18T13:50:28.871912" level="INFO">Current page contains element 'xpath=//span[contains(text(),"13.") and contains(text(),",")]'.</msg>
<arg>xpath=//span[contains(text(),"13.") and contains(text(),",")]</arg>
<doc>Verifies that element ``locator`` is found on the current page.</doc>
<status status="PASS" start="2026-02-18T13:50:27.863566" elapsed="1.008346"/>
</kw>
<kw name="Capture Page Screenshot" owner="SeleniumLibrary">
<msg time="2026-02-18T13:50:29.950696" level="INFO" html="true">&lt;/td&gt;&lt;/tr&gt;&lt;tr&gt;&lt;td colspan="3"&gt;&lt;a href="view_location_verified.png"&gt;&lt;img src="view_location_verified.png" width="800px"&gt;&lt;/a&gt;</msg>
<arg>view_location_verified.png</arg>
<doc>Takes a screenshot of the current page and embeds it into a log file.</doc>
<status status="PASS" start="2026-02-18T13:50:28.871912" elapsed="1.078784"/>
</kw>
<kw name="Page Should Contain Element" owner="SeleniumLibrary">
<msg time="2026-02-18T13:50:30.958194" level="INFO">Current page contains element 'xpath=//p[contains(text(),"256")]'.</msg>
<arg>xpath=//p[contains(text(),"256")]</arg>
<doc>Verifies that element ``locator`` is found on the current page.</doc>
<status status="PASS" start="2026-02-18T13:50:29.950696" elapsed="1.007498"/>
</kw>
<kw name="Capture Page Screenshot" owner="SeleniumLibrary">
<msg time="2026-02-18T13:50:32.045196" level="INFO" html="true">&lt;/td&gt;&lt;/tr&gt;&lt;tr&gt;&lt;td colspan="3"&gt;&lt;a href="view_date_verified.png"&gt;&lt;img src="view_date_verified.png" width="800px"&gt;&lt;/a&gt;</msg>
<arg>view_date_verified.png</arg>
<doc>Takes a screenshot of the current page and embeds it into a log file.</doc>
<status status="PASS" start="2026-02-18T13:50:30.958194" elapsed="1.087002"/>
</kw>
<kw name="Get Element Count" owner="SeleniumLibrary">
<msg time="2026-02-18T13:50:33.053393" level="INFO">${image_count} = 55</msg>
<var>${image_count}</var>
<arg>xpath=//img[contains(@src,"http")]</arg>
<doc>Returns the number of elements matching ``locator``.</doc>
<status status="PASS" start="2026-02-18T13:50:32.045196" elapsed="1.008197"/>
</kw>
<kw name="Should Be True" owner="BuiltIn">
<arg>${image_count} &gt; 0</arg>
<doc>Fails if the given condition is not true.</doc>
<status status="PASS" start="2026-02-18T13:50:33.053393" elapsed="0.000583"/>
</kw>
<kw name="Capture Page Screenshot" owner="SeleniumLibrary">
<msg time="2026-02-18T13:50:34.146676" level="INFO" html="true">&lt;/td&gt;&lt;/tr&gt;&lt;tr&gt;&lt;td colspan="3"&gt;&lt;a href="view_image_verified.png"&gt;&lt;img src="view_image_verified.png" width="800px"&gt;&lt;/a&gt;</msg>
<arg>view_image_verified.png</arg>
<doc>Takes a screenshot of the current page and embeds it into a log file.</doc>
<status status="PASS" start="2026-02-18T13:50:33.053976" elapsed="1.092700"/>
</kw>
<status status="PASS" start="2026-02-18T13:50:13.299461" elapsed="20.847215"/>
</kw>
<status status="PASS" start="2026-02-18T13:49:54.568768" elapsed="39.578914"/>
</test>
<kw name="Close Browser" owner="SeleniumLibrary" type="TEARDOWN">
<doc>Closes the current browser.</doc>
<status status="PASS" start="2026-02-18T13:50:34.147682" elapsed="3.079299"/>
</kw>
<status status="PASS" start="2026-02-18T13:49:51.702549" elapsed="45.524432"/>
</suite>
<statistics>
<total>
<stat pass="1" fail="0" skip="0">All Tests</stat>
</total>
<tag>
</tag>
<suite>
<stat name="Tc04" id="s1" pass="1" fail="0" skip="0">Tc04</stat>
</suite>
</statistics>
<errors>
</errors>
</robot>
