<?xml version="1.0" encoding="UTF-8"?>
<robot generator="Robot 7.4.1 (Python 3.12.8 on win32)" generated="2026-03-03T23:53:53.556084" rpa="false" schemaversion="5">
<suite id="s1" name="Tc03-4" source="C:\SE\Sprint2\Test\Test Code\TS002_Report a new incident without filling information\tc03-4.robot">
<kw name="Open Browser To Login Page" type="SETUP">
<kw name="Open Browser" owner="SeleniumLibrary">
<msg time="2026-03-03T23:53:53.710315" level="INFO">Opening browser 'Chrome' to base url 'http://localhost:3001/login'.</msg>
<arg>${URL}</arg>
<arg>${BROWSER}</arg>
<doc>Opens a new browser instance to the optional ``url``.</doc>
<status status="PASS" start="2026-03-03T23:53:53.710315" elapsed="1.808074"/>
</kw>
<kw name="Maximize Browser Window" owner="SeleniumLibrary">
<doc>Maximizes current browser window.</doc>
<status status="PASS" start="2026-03-03T23:53:55.518389" elapsed="0.035216"/>
</kw>
<kw name="Set Selenium Speed" owner="SeleniumLibrary">
<arg>0.7s</arg>
<doc>Sets the delay that is waited after each Selenium command.</doc>
<status status="PASS" start="2026-03-03T23:53:55.553605" elapsed="0.000999"/>
</kw>
<status status="PASS" start="2026-03-03T23:53:53.710315" elapsed="1.844289"/>
</kw>
<test id="s1-t1" name="TC03 Submit Report With Missing Required Fields" line="21">
<kw name="Login To System">
<kw name="Go To" owner="SeleniumLibrary">
<msg time="2026-03-03T23:53:55.555599" level="INFO">Opening url 'http://localhost:3001/login'</msg>
<arg>${URL}</arg>
<doc>Navigates the current browser window to the provided ``url``.</doc>
<status status="PASS" start="2026-03-03T23:53:55.555599" elapsed="0.829150"/>
</kw>
<kw name="Wait Until Element Is Visible" owner="SeleniumLibrary">
<arg>id=identifier</arg>
<arg>15s</arg>
<doc>Waits until the element ``locator`` is visible.</doc>
<status status="PASS" start="2026-03-03T23:53:56.384749" elapsed="1.418322"/>
</kw>
<kw name="Input Text" owner="SeleniumLibrary">
<msg time="2026-03-03T23:53:57.804084" level="INFO">Typing text 'Passenger' into text field 'id=identifier'.</msg>
<arg>id=identifier</arg>
<arg>${USERNAME}</arg>
<doc>Types the given ``text`` into the text field identified by ``locator``.</doc>
<status status="PASS" start="2026-03-03T23:53:57.803071" elapsed="2.171538"/>
</kw>
<kw name="Input Text" owner="SeleniumLibrary">
<msg time="2026-03-03T23:53:59.974609" level="INFO">Typing text 't1234567' into text field 'xpath=//input[@type="password"]'.</msg>
<arg>xpath=//input[@type="password"]</arg>
<arg>${PASSWORD}</arg>
<doc>Types the given ``text`` into the text field identified by ``locator``.</doc>
<status status="PASS" start="2026-03-03T23:53:59.974609" elapsed="2.144679"/>
</kw>
<kw name="Click Element" owner="SeleniumLibrary">
<msg time="2026-03-03T23:54:02.119288" level="INFO">Clicking element 'xpath=//button[normalize-space()="เข้าสู่ระบบ"]'.</msg>
<arg>xpath=//button[normalize-space()="เข้าสู่ระบบ"]</arg>
<doc>Click the element identified by ``locator``.</doc>
<status status="PASS" start="2026-03-03T23:54:02.119288" elapsed="1.441670"/>
</kw>
<kw name="Wait Until Page Does Not Contain Element" owner="SeleniumLibrary">
<arg>id=identifier</arg>
<arg>20s</arg>
<doc>Waits until the element ``locator`` disappears from the current page.</doc>
<status status="PASS" start="2026-03-03T23:54:03.560958" elapsed="0.709076"/>
</kw>
<status status="PASS" start="2026-03-03T23:53:55.554604" elapsed="8.715430"/>
</kw>
<kw name="Go To My Report Page">
<kw name="Go To" owner="SeleniumLibrary">
<msg time="2026-03-03T23:54:04.271174" level="INFO">Opening url 'http://localhost:3001/myReports'</msg>
<arg>${MYREPORT_URL}</arg>
<doc>Navigates the current browser window to the provided ``url``.</doc>
<status status="PASS" start="2026-03-03T23:54:04.271174" elapsed="1.404580"/>
</kw>
<kw name="Wait Until Page Contains" owner="SeleniumLibrary">
<arg>รายงานของฉัน</arg>
<arg>15s</arg>
<doc>Waits until ``text`` appears on the current page.</doc>
<status status="PASS" start="2026-03-03T23:54:05.676266" elapsed="0.714318"/>
</kw>
<status status="PASS" start="2026-03-03T23:54:04.270034" elapsed="2.120550"/>
</kw>
<kw name="Fill Form With Missing Required Fields">
<kw name="Click Element" owner="SeleniumLibrary">
<msg time="2026-03-03T23:54:06.391095" level="INFO">Clicking element 'xpath=//button[normalize-space()='สูง']'.</msg>
<arg>xpath=//button[normalize-space()='สูง']</arg>
<doc>Click the element identified by ``locator``.</doc>
<status status="PASS" start="2026-03-03T23:54:06.391095" elapsed="1.440086"/>
</kw>
<kw name="Choose File" owner="SeleniumLibrary">
<msg time="2026-03-03T23:54:07.831181" level="INFO">Sending C:\SE\Sprint2\Test\Test Code\TS002_Report a new incident without filling information\test.jpg to browser.</msg>
<arg>xpath=//input[@type='file']</arg>
<arg>${IMAGE_PATH}</arg>
<doc>Inputs the ``file_path`` into the file input field ``locator``.</doc>
<status status="PASS" start="2026-03-03T23:54:07.831181" elapsed="1.427641"/>
</kw>
<kw name="Sleep" owner="BuiltIn">
<msg time="2026-03-03T23:54:11.260002" level="INFO">Slept 2 seconds.</msg>
<arg>2s</arg>
<doc>Pauses the test executed for the given time.</doc>
<status status="PASS" start="2026-03-03T23:54:09.258822" elapsed="2.001180"/>
</kw>
<status status="PASS" start="2026-03-03T23:54:06.391095" elapsed="4.868907"/>
</kw>
<kw name="Scroll Element Into View" owner="SeleniumLibrary">
<arg>xpath=//button[contains(.,'ส่งรายงาน')]</arg>
<doc>Scrolls the element identified by ``locator`` into view.</doc>
<status status="PASS" start="2026-03-03T23:54:11.260510" elapsed="1.689466"/>
</kw>
<kw name="Click Element" owner="SeleniumLibrary">
<msg time="2026-03-03T23:54:12.949976" level="INFO">Clicking element 'xpath=//button[contains(.,'ส่งรายงาน')]'.</msg>
<arg>xpath=//button[contains(.,'ส่งรายงาน')]</arg>
<doc>Click the element identified by ``locator``.</doc>
<status status="PASS" start="2026-03-03T23:54:12.949976" elapsed="1.435887"/>
</kw>
<kw name="Verify Required Field Alert">
<kw name="Wait Until Page Contains" owner="SeleniumLibrary">
<arg>กรุณากรอกข้อมูลให้ครบทุกช่อง</arg>
<arg>15s</arg>
<doc>Waits until ``text`` appears on the current page.</doc>
<status status="PASS" start="2026-03-03T23:54:14.385863" elapsed="0.716950"/>
</kw>
<kw name="Capture Page Screenshot" owner="SeleniumLibrary">
<msg time="2026-03-03T23:54:15.883948" level="INFO" html="true">&lt;/td&gt;&lt;/tr&gt;&lt;tr&gt;&lt;td colspan="3"&gt;&lt;a href="after_submit_click.png"&gt;&lt;img src="after_submit_click.png" width="800px"&gt;&lt;/a&gt;</msg>
<arg>after_submit_click.png</arg>
<doc>Takes a screenshot of the current page and embeds it into a log file.</doc>
<status status="PASS" start="2026-03-03T23:54:15.102813" elapsed="0.782131"/>
</kw>
<status status="PASS" start="2026-03-03T23:54:14.385863" elapsed="1.499081"/>
</kw>
<kw name="Logout">
<kw name="Go To" owner="SeleniumLibrary">
<msg time="2026-03-03T23:54:15.884944" level="INFO">Opening url 'http://localhost:3001/login'</msg>
<arg>${URL}</arg>
<doc>Navigates the current browser window to the provided ``url``.</doc>
<status status="PASS" start="2026-03-03T23:54:15.884944" elapsed="0.813967"/>
</kw>
<kw name="Wait Until Element Is Visible" owner="SeleniumLibrary">
<arg>id=identifier</arg>
<arg>15s</arg>
<doc>Waits until the element ``locator`` is visible.</doc>
<status status="PASS" start="2026-03-03T23:54:16.698911" elapsed="1.430404"/>
</kw>
<status status="PASS" start="2026-03-03T23:54:15.884944" elapsed="2.244371"/>
</kw>
<status status="PASS" start="2026-03-03T23:53:55.554604" elapsed="22.575296"/>
</test>
<test id="s1-t2" name="TC04 Upload Invalid File Type" line="33">
<kw name="Login To System">
<kw name="Go To" owner="SeleniumLibrary">
<msg time="2026-03-03T23:54:18.130999" level="INFO">Opening url 'http://localhost:3001/login'</msg>
<arg>${URL}</arg>
<doc>Navigates the current browser window to the provided ``url``.</doc>
<status status="PASS" start="2026-03-03T23:54:18.130999" elapsed="0.806084"/>
</kw>
<kw name="Wait Until Element Is Visible" owner="SeleniumLibrary">
<arg>id=identifier</arg>
<arg>15s</arg>
<doc>Waits until the element ``locator`` is visible.</doc>
<status status="PASS" start="2026-03-03T23:54:18.937083" elapsed="1.413242"/>
</kw>
<kw name="Input Text" owner="SeleniumLibrary">
<msg time="2026-03-03T23:54:20.350325" level="INFO">Typing text 'Passenger' into text field 'id=identifier'.</msg>
<arg>id=identifier</arg>
<arg>${USERNAME}</arg>
<doc>Types the given ``text`` into the text field identified by ``locator``.</doc>
<status status="PASS" start="2026-03-03T23:54:20.350325" elapsed="2.157105"/>
</kw>
<kw name="Input Text" owner="SeleniumLibrary">
<msg time="2026-03-03T23:54:22.508015" level="INFO">Typing text 't1234567' into text field 'xpath=//input[@type="password"]'.</msg>
<arg>xpath=//input[@type="password"]</arg>
<arg>${PASSWORD}</arg>
<doc>Types the given ``text`` into the text field identified by ``locator``.</doc>
<status status="PASS" start="2026-03-03T23:54:22.507430" elapsed="2.151643"/>
</kw>
<kw name="Click Element" owner="SeleniumLibrary">
<msg time="2026-03-03T23:54:24.659073" level="INFO">Clicking element 'xpath=//button[normalize-space()="เข้าสู่ระบบ"]'.</msg>
<arg>xpath=//button[normalize-space()="เข้าสู่ระบบ"]</arg>
<doc>Click the element identified by ``locator``.</doc>
<status status="PASS" start="2026-03-03T23:54:24.659073" elapsed="1.435775"/>
</kw>
<kw name="Wait Until Page Does Not Contain Element" owner="SeleniumLibrary">
<arg>id=identifier</arg>
<arg>20s</arg>
<doc>Waits until the element ``locator`` disappears from the current page.</doc>
<status status="PASS" start="2026-03-03T23:54:26.094848" elapsed="0.705671"/>
</kw>
<status status="PASS" start="2026-03-03T23:54:18.129900" elapsed="8.670619"/>
</kw>
<kw name="Go To My Report Page">
<kw name="Go To" owner="SeleniumLibrary">
<msg time="2026-03-03T23:54:26.801561" level="INFO">Opening url 'http://localhost:3001/myReports'</msg>
<arg>${MYREPORT_URL}</arg>
<doc>Navigates the current browser window to the provided ``url``.</doc>
<status status="PASS" start="2026-03-03T23:54:26.800519" elapsed="0.858047"/>
</kw>
<kw name="Wait Until Page Contains" owner="SeleniumLibrary">
<arg>รายงานของฉัน</arg>
<arg>15s</arg>
<doc>Waits until ``text`` appears on the current page.</doc>
<status status="PASS" start="2026-03-03T23:54:27.658566" elapsed="0.712947"/>
</kw>
<status status="PASS" start="2026-03-03T23:54:26.800519" elapsed="1.570994"/>
</kw>
<kw name="Fill Form With Invalid File">
<kw name="Select From List By Index" owner="SeleniumLibrary">
<msg time="2026-03-03T23:54:28.371513" level="INFO">Selecting options from selection list 'xpath=(//select)[1]' by index 1.</msg>
<arg>xpath=(//select)[1]</arg>
<arg>1</arg>
<doc>Selects options from selection list ``locator`` by ``indexes``.</doc>
<status status="PASS" start="2026-03-03T23:54:28.371513" elapsed="7.084267"/>
</kw>
<kw name="Select From List By Label" owner="SeleniumLibrary">
<msg time="2026-03-03T23:54:35.456792" level="INFO">Selecting options from selection list 'xpath=(//select)[2]' by label ความปลอดภัย.</msg>
<arg>xpath=(//select)[2]</arg>
<arg>ความปลอดภัย</arg>
<doc>Selects options from selection list ``locator`` by ``labels``.</doc>
<status status="PASS" start="2026-03-03T23:54:35.455780" elapsed="7.819838"/>
</kw>
<kw name="Select From List By Label" owner="SeleniumLibrary">
<msg time="2026-03-03T23:54:43.275618" level="INFO">Selecting options from selection list 'xpath=(//select)[3]' by label คนขับมีพฤติกรรมไม่เหมาะสม.</msg>
<arg>xpath=(//select)[3]</arg>
<arg>คนขับมีพฤติกรรมไม่เหมาะสม</arg>
<doc>Selects options from selection list ``locator`` by ``labels``.</doc>
<status status="PASS" start="2026-03-03T23:54:43.275618" elapsed="7.815299"/>
</kw>
<kw name="Click Element" owner="SeleniumLibrary">
<msg time="2026-03-03T23:54:51.091428" level="INFO">Clicking element 'xpath=//button[normalize-space()='สูง']'.</msg>
<arg>xpath=//button[normalize-space()='สูง']</arg>
<doc>Click the element identified by ``locator``.</doc>
<status status="PASS" start="2026-03-03T23:54:51.091428" elapsed="1.439112"/>
</kw>
<kw name="Input Text" owner="SeleniumLibrary">
<msg time="2026-03-03T23:54:52.531042" level="INFO">Typing text 'คนขับ ขับรถหวาดเสียวและตะโกนด่ารถคันอื่นๆ ตลอด' into text field 'xpath=//textarea[contains(@placeholder,'อธิบาย')]'.</msg>
<arg>xpath=//textarea[contains(@placeholder,'อธิบาย')]</arg>
<arg>คนขับ ขับรถหวาดเสียวและตะโกนด่ารถคันอื่นๆ ตลอด</arg>
<doc>Types the given ``text`` into the text field identified by ``locator``.</doc>
<status status="PASS" start="2026-03-03T23:54:52.530540" elapsed="2.194260"/>
</kw>
<kw name="Wait Until Page Contains Element" owner="SeleniumLibrary">
<arg>xpath=//input[@type='file']</arg>
<arg>15s</arg>
<doc>Waits until the element ``locator`` appears on the current page.</doc>
<status status="PASS" start="2026-03-03T23:54:54.725312" elapsed="0.708758"/>
</kw>
<kw name="Capture Page Screenshot" owner="SeleniumLibrary">
<msg time="2026-03-03T23:54:56.219550" level="INFO" html="true">&lt;/td&gt;&lt;/tr&gt;&lt;tr&gt;&lt;td colspan="3"&gt;&lt;a href="before_upload.png"&gt;&lt;img src="before_upload.png" width="800px"&gt;&lt;/a&gt;</msg>
<arg>before_upload.png</arg>
<doc>Takes a screenshot of the current page and embeds it into a log file.</doc>
<status status="PASS" start="2026-03-03T23:54:55.434070" elapsed="0.785480"/>
</kw>
<kw name="Run Keyword And Ignore Error" owner="BuiltIn">
<kw name="Choose File" owner="SeleniumLibrary">
<msg time="2026-03-03T23:54:56.220550" level="INFO">Sending C:\SE\Sprint2\Test\Test Code\TS002_Report a new incident without filling information\test.txt to browser.</msg>
<arg>xpath=//input[@type='file']</arg>
<arg>${INVALID_FILE}</arg>
<doc>Inputs the ``file_path`` into the file input field ``locator``.</doc>
<status status="PASS" start="2026-03-03T23:54:56.220550" elapsed="1.423244"/>
</kw>
<arg>Choose File</arg>
<arg>xpath=//input[@type='file']</arg>
<arg>${INVALID_FILE}</arg>
<doc>Runs the given keyword with the given arguments and ignores possible error.</doc>
<status status="PASS" start="2026-03-03T23:54:56.219550" elapsed="1.424244"/>
</kw>
<kw name="Sleep" owner="BuiltIn">
<msg time="2026-03-03T23:54:58.645136" level="INFO">Slept 1 second.</msg>
<arg>1s</arg>
<doc>Pauses the test executed for the given time.</doc>
<status status="PASS" start="2026-03-03T23:54:57.643794" elapsed="1.001342"/>
</kw>
<kw name="Run Keyword And Ignore Error" owner="BuiltIn">
<kw name="Handle Alert" owner="SeleniumLibrary">
<msg time="2026-03-03T23:54:58.645649" level="INFO">HANDLE::&lt;class 'NoneType'&gt;::None</msg>
<arg>ACCEPT</arg>
<doc>Handles the current alert and returns its message.</doc>
<status status="PASS" start="2026-03-03T23:54:58.645649" elapsed="2.107619"/>
</kw>
<msg time="2026-03-03T23:55:00.753268" level="INFO">${status} = PASS</msg>
<msg time="2026-03-03T23:55:00.753268" level="INFO">${message} = อนุญาตเฉพาะรูปภาพและวิดีโอเท่านั้น</msg>
<var>${status}</var>
<var>${message}</var>
<arg>Handle Alert</arg>
<arg>ACCEPT</arg>
<doc>Runs the given keyword with the given arguments and ignores possible error.</doc>
<status status="PASS" start="2026-03-03T23:54:58.645649" elapsed="2.107619"/>
</kw>
<kw name="Log To Console" owner="BuiltIn">
<arg>Alert message: ${message}</arg>
<doc>Logs the given message to the console.</doc>
<status status="PASS" start="2026-03-03T23:55:00.753268" elapsed="0.000755"/>
</kw>
<kw name="Should Contain" owner="BuiltIn">
<arg>${message}</arg>
<arg>รูปภาพและวิดีโอ</arg>
<doc>Fails if ``container`` does not contain ``item`` one or more times.</doc>
<status status="PASS" start="2026-03-03T23:55:00.754023" elapsed="0.000000"/>
</kw>
<kw name="Capture Page Screenshot" owner="SeleniumLibrary">
<msg time="2026-03-03T23:55:01.523683" level="INFO" html="true">&lt;/td&gt;&lt;/tr&gt;&lt;tr&gt;&lt;td colspan="3"&gt;&lt;a href="after_alert.png"&gt;&lt;img src="after_alert.png" width="800px"&gt;&lt;/a&gt;</msg>
<arg>after_alert.png</arg>
<doc>Takes a screenshot of the current page and embeds it into a log file.</doc>
<status status="PASS" start="2026-03-03T23:55:00.754023" elapsed="0.770668"/>
</kw>
<status status="PASS" start="2026-03-03T23:54:28.371513" elapsed="33.153178"/>
</kw>
<kw name="Logout">
<kw name="Go To" owner="SeleniumLibrary">
<msg time="2026-03-03T23:55:01.524691" level="INFO">Opening url 'http://localhost:3001/login'</msg>
<arg>${URL}</arg>
<doc>Navigates the current browser window to the provided ``url``.</doc>
<status status="PASS" start="2026-03-03T23:55:01.524691" elapsed="0.832427"/>
</kw>
<kw name="Wait Until Element Is Visible" owner="SeleniumLibrary">
<arg>id=identifier</arg>
<arg>15s</arg>
<doc>Waits until the element ``locator`` is visible.</doc>
<status status="PASS" start="2026-03-03T23:55:02.357629" elapsed="1.421101"/>
</kw>
<status status="PASS" start="2026-03-03T23:55:01.524691" elapsed="2.254039"/>
</kw>
<status status="PASS" start="2026-03-03T23:54:18.129900" elapsed="45.648830"/>
</test>
<kw name="Close Browser" owner="SeleniumLibrary" type="TEARDOWN">
<doc>Closes the current browser.</doc>
<status status="PASS" start="2026-03-03T23:55:03.779740" elapsed="2.774488"/>
</kw>
<status status="PASS" start="2026-03-03T23:53:53.557085" elapsed="72.997143"/>
</suite>
<statistics>
<total>
<stat pass="2" fail="0" skip="0">All Tests</stat>
</total>
<tag>
</tag>
<suite>
<stat name="Tc03-4" id="s1" pass="2" fail="0" skip="0">Tc03-4</stat>
</suite>
</statistics>
<errors>
</errors>
</robot>
