<?xml version="1.0" encoding="UTF-8"?>
<robot generator="Robot 7.4.1 (Python 3.12.8 on win32)" generated="2026-02-18T13:38:31.333213" rpa="false" schemaversion="5">
<suite id="s1" name="Tc10" source="C:\SE_Sprint1\Test\TS007\tc10.robot">
<kw name="Open Browser To Login Page" type="SETUP">
<kw name="Open Browser" owner="SeleniumLibrary">
<msg time="2026-02-18T13:38:31.471682" level="INFO">Opening browser 'chrome' to base url 'http://localhost:3001/login'.</msg>
<arg>${URL}</arg>
<arg>${BROWSER}</arg>
<doc>Opens a new browser instance to the optional ``url``.</doc>
<status status="PASS" start="2026-02-18T13:38:31.471682" elapsed="2.084064"/>
</kw>
<kw name="Maximize Browser Window" owner="SeleniumLibrary">
<doc>Maximizes current browser window.</doc>
<status status="PASS" start="2026-02-18T13:38:33.556752" elapsed="0.037182"/>
</kw>
<kw name="Set Selenium Speed" owner="SeleniumLibrary">
<arg>1s</arg>
<doc>Sets the delay that is waited after each Selenium command.</doc>
<status status="PASS" start="2026-02-18T13:38:33.593934" elapsed="0.000000"/>
</kw>
<kw name="Capture Page Screenshot" owner="SeleniumLibrary">
<msg time="2026-02-18T13:38:34.765995" level="INFO" html="true">&lt;/td&gt;&lt;/tr&gt;&lt;tr&gt;&lt;td colspan="3"&gt;&lt;a href="delete_login_open.png"&gt;&lt;img src="delete_login_open.png" width="800px"&gt;&lt;/a&gt;</msg>
<arg>delete_login_open.png</arg>
<doc>Takes a screenshot of the current page and embeds it into a log file.</doc>
<status status="PASS" start="2026-02-18T13:38:33.593934" elapsed="1.172061"/>
</kw>
<status status="PASS" start="2026-02-18T13:38:31.470685" elapsed="3.295310"/>
</kw>
<test id="s1-t1" name="Verify Admin Can Delete Report Successfully" line="13">
<kw name="Login To System">
<kw name="Wait Until Element Is Visible" owner="SeleniumLibrary">
<arg>id=identifier</arg>
<arg>15s</arg>
<doc>Waits until the element ``locator`` is visible.</doc>
<status status="PASS" start="2026-02-18T13:38:34.766962" elapsed="2.016975"/>
</kw>
<kw name="Capture Page Screenshot" owner="SeleniumLibrary">
<msg time="2026-02-18T13:38:37.839199" level="INFO" html="true">&lt;/td&gt;&lt;/tr&gt;&lt;tr&gt;&lt;td colspan="3"&gt;&lt;a href="delete_login_page.png"&gt;&lt;img src="delete_login_page.png" width="800px"&gt;&lt;/a&gt;</msg>
<arg>delete_login_page.png</arg>
<doc>Takes a screenshot of the current page and embeds it into a log file.</doc>
<status status="PASS" start="2026-02-18T13:38:36.783937" elapsed="1.056261"/>
</kw>
<kw name="Input Text" owner="SeleniumLibrary">
<msg time="2026-02-18T13:38:37.840198" level="INFO">Typing text 'admin123' into text field 'id=identifier'.</msg>
<arg>id=identifier</arg>
<arg>${USERNAME}</arg>
<doc>Types the given ``text`` into the text field identified by ``locator``.</doc>
<status status="PASS" start="2026-02-18T13:38:37.840198" elapsed="3.065558"/>
</kw>
<kw name="Input Text" owner="SeleniumLibrary">
<msg time="2026-02-18T13:38:40.905756" level="INFO">Typing text '123456789' into text field 'xpath=//input[@type="password"]'.</msg>
<arg>xpath=//input[@type="password"]</arg>
<arg>${PASSWORD}</arg>
<doc>Types the given ``text`` into the text field identified by ``locator``.</doc>
<status status="PASS" start="2026-02-18T13:38:40.905756" elapsed="3.058651"/>
</kw>
<kw name="Capture Page Screenshot" owner="SeleniumLibrary">
<msg time="2026-02-18T13:38:45.035872" level="INFO" html="true">&lt;/td&gt;&lt;/tr&gt;&lt;tr&gt;&lt;td colspan="3"&gt;&lt;a href="delete_login_filled.png"&gt;&lt;img src="delete_login_filled.png" width="800px"&gt;&lt;/a&gt;</msg>
<arg>delete_login_filled.png</arg>
<doc>Takes a screenshot of the current page and embeds it into a log file.</doc>
<status status="PASS" start="2026-02-18T13:38:43.964914" elapsed="1.071787"/>
</kw>
<kw name="Click Element" owner="SeleniumLibrary">
<msg time="2026-02-18T13:38:45.036701" level="INFO">Clicking element 'xpath=//button[normalize-space()="เข้าสู่ระบบ"]'.</msg>
<arg>xpath=//button[normalize-space()="เข้าสู่ระบบ"]</arg>
<doc>Click the element identified by ``locator``.</doc>
<status status="PASS" start="2026-02-18T13:38:45.036701" elapsed="2.034622"/>
</kw>
<kw name="Wait Until Element Is Not Visible" owner="SeleniumLibrary">
<arg>id=identifier</arg>
<arg>15s</arg>
<doc>Waits until the element ``locator`` is not visible.</doc>
<status status="PASS" start="2026-02-18T13:38:47.071323" elapsed="1.004369"/>
</kw>
<kw name="Capture Page Screenshot" owner="SeleniumLibrary">
<msg time="2026-02-18T13:38:49.142829" level="INFO" html="true">&lt;/td&gt;&lt;/tr&gt;&lt;tr&gt;&lt;td colspan="3"&gt;&lt;a href="delete_login_success.png"&gt;&lt;img src="delete_login_success.png" width="800px"&gt;&lt;/a&gt;</msg>
<arg>delete_login_success.png</arg>
<doc>Takes a screenshot of the current page and embeds it into a log file.</doc>
<status status="PASS" start="2026-02-18T13:38:48.075692" elapsed="1.067137"/>
</kw>
<status status="PASS" start="2026-02-18T13:38:34.766962" elapsed="14.375867"/>
</kw>
<kw name="Go To Report Management">
<kw name="Go To" owner="SeleniumLibrary">
<msg time="2026-02-18T13:38:49.143830" level="INFO">Opening url 'http://localhost:3001/admin/reports'</msg>
<arg>http://localhost:3001/admin/reports</arg>
<doc>Navigates the current browser window to the provided ``url``.</doc>
<status status="PASS" start="2026-02-18T13:38:49.143830" elapsed="2.848063"/>
</kw>
<kw name="Wait Until Location Contains" owner="SeleniumLibrary">
<arg>reports</arg>
<arg>10s</arg>
<doc>Waits until the current URL contains ``expected``.</doc>
<status status="PASS" start="2026-02-18T13:38:51.991893" elapsed="1.005477"/>
</kw>
<kw name="Capture Page Screenshot" owner="SeleniumLibrary">
<msg time="2026-02-18T13:38:54.065828" level="INFO" html="true">&lt;/td&gt;&lt;/tr&gt;&lt;tr&gt;&lt;td colspan="3"&gt;&lt;a href="delete_report_page.png"&gt;&lt;img src="delete_report_page.png" width="800px"&gt;&lt;/a&gt;</msg>
<arg>delete_report_page.png</arg>
<doc>Takes a screenshot of the current page and embeds it into a log file.</doc>
<status status="PASS" start="2026-02-18T13:38:52.997370" elapsed="1.068458"/>
</kw>
<status status="PASS" start="2026-02-18T13:38:49.143830" elapsed="4.921998"/>
</kw>
<kw name="Delete First Report">
<kw name="Wait Until Element Is Visible" owner="SeleniumLibrary">
<arg>xpath=(//button[@title="ลบ"])[1]</arg>
<arg>15s</arg>
<doc>Waits until the element ``locator`` is visible.</doc>
<status status="PASS" start="2026-02-18T13:38:54.066958" elapsed="2.019274"/>
</kw>
<kw name="Scroll Element Into View" owner="SeleniumLibrary">
<arg>xpath=(//button[@title="ลบ"])[1]</arg>
<doc>Scrolls the element identified by ``locator`` into view.</doc>
<status status="PASS" start="2026-02-18T13:38:56.086232" elapsed="2.274909"/>
</kw>
<kw name="Capture Page Screenshot" owner="SeleniumLibrary">
<msg time="2026-02-18T13:38:59.443410" level="INFO" html="true">&lt;/td&gt;&lt;/tr&gt;&lt;tr&gt;&lt;td colspan="3"&gt;&lt;a href="delete_before_click_trash.png"&gt;&lt;img src="delete_before_click_trash.png" width="800px"&gt;&lt;/a&gt;</msg>
<arg>delete_before_click_trash.png</arg>
<doc>Takes a screenshot of the current page and embeds it into a log file.</doc>
<status status="PASS" start="2026-02-18T13:38:58.361141" elapsed="1.082269"/>
</kw>
<kw name="Execute Javascript" owner="SeleniumLibrary">
<msg time="2026-02-18T13:38:59.444921" level="INFO">Executing JavaScript:
document.evaluate("(//button[@title='ลบ'])[1]", document, null, XPathResult.FIRST_ORDERED_NODE_TYPE, null).singleNodeValue.click();
Without any arguments.</msg>
<arg>document.evaluate("(//button[@title='ลบ'])[1]", document, null, XPathResult.FIRST_ORDERED_NODE_TYPE, null).singleNodeValue.click();</arg>
<doc>Executes the given JavaScript code with possible arguments.</doc>
<status status="PASS" start="2026-02-18T13:38:59.444921" elapsed="1.011418"/>
</kw>
<kw name="Wait Until Element Is Visible" owner="SeleniumLibrary">
<arg>xpath=//button[contains(@class,"bg-red-600") and normalize-space()="ลบถาวร"]</arg>
<arg>10s</arg>
<doc>Waits until the element ``locator`` is visible.</doc>
<status status="PASS" start="2026-02-18T13:39:00.456678" elapsed="2.017073"/>
</kw>
<kw name="Capture Page Screenshot" owner="SeleniumLibrary">
<msg time="2026-02-18T13:39:03.540305" level="INFO" html="true">&lt;/td&gt;&lt;/tr&gt;&lt;tr&gt;&lt;td colspan="3"&gt;&lt;a href="delete_modal_visible.png"&gt;&lt;img src="delete_modal_visible.png" width="800px"&gt;&lt;/a&gt;</msg>
<arg>delete_modal_visible.png</arg>
<doc>Takes a screenshot of the current page and embeds it into a log file.</doc>
<status status="PASS" start="2026-02-18T13:39:02.473751" elapsed="1.066554"/>
</kw>
<kw name="Scroll Element Into View" owner="SeleniumLibrary">
<arg>xpath=//button[contains(@class,"bg-red-600") and normalize-space()="ลบถาวร"]</arg>
<doc>Scrolls the element identified by ``locator`` into view.</doc>
<status status="PASS" start="2026-02-18T13:39:03.541312" elapsed="2.272679"/>
</kw>
<kw name="Sleep" owner="BuiltIn">
<msg time="2026-02-18T13:39:06.814702" level="INFO">Slept 1 second.</msg>
<arg>1s</arg>
<doc>Pauses the test executed for the given time.</doc>
<status status="PASS" start="2026-02-18T13:39:05.813991" elapsed="1.000711"/>
</kw>
<kw name="Execute Javascript" owner="SeleniumLibrary">
<msg time="2026-02-18T13:39:06.815742" level="INFO">Executing JavaScript:
document.evaluate("//button[contains(@class,'bg-red-600') and normalize-space()='ลบถาวร']", document, null, XPathResult.FIRST_ORDERED_NODE_TYPE, null).singleNodeValue.click();
Without any arguments.</msg>
<arg>document.evaluate("//button[contains(@class,'bg-red-600') and normalize-space()='ลบถาวร']", document, null, XPathResult.FIRST_ORDERED_NODE_TYPE, null).singleNodeValue.click();</arg>
<doc>Executes the given JavaScript code with possible arguments.</doc>
<status status="PASS" start="2026-02-18T13:39:06.815224" elapsed="1.010501"/>
</kw>
<kw name="Capture Page Screenshot" owner="SeleniumLibrary">
<msg time="2026-02-18T13:39:08.896756" level="INFO" html="true">&lt;/td&gt;&lt;/tr&gt;&lt;tr&gt;&lt;td colspan="3"&gt;&lt;a href="delete_confirm_clicked.png"&gt;&lt;img src="delete_confirm_clicked.png" width="800px"&gt;&lt;/a&gt;</msg>
<arg>delete_confirm_clicked.png</arg>
<doc>Takes a screenshot of the current page and embeds it into a log file.</doc>
<status status="PASS" start="2026-02-18T13:39:07.825725" elapsed="1.071031"/>
</kw>
<kw name="Sleep" owner="BuiltIn">
<msg time="2026-02-18T13:39:10.898119" level="INFO">Slept 2 seconds.</msg>
<arg>2s</arg>
<doc>Pauses the test executed for the given time.</doc>
<status status="PASS" start="2026-02-18T13:39:08.896756" elapsed="2.001363"/>
</kw>
<status status="PASS" start="2026-02-18T13:38:54.066958" elapsed="16.831161"/>
</kw>
<kw name="Verify Delete Success Message">
<kw name="Wait Until Page Contains" owner="SeleniumLibrary">
<arg>ลบรายงานเรียบร้อย</arg>
<arg>10s</arg>
<doc>Waits until ``text`` appears on the current page.</doc>
<status status="PASS" start="2026-02-18T13:39:10.898631" elapsed="1.020429"/>
</kw>
<kw name="Capture Page Screenshot" owner="SeleniumLibrary">
<msg time="2026-02-18T13:39:12.999153" level="INFO" html="true">&lt;/td&gt;&lt;/tr&gt;&lt;tr&gt;&lt;td colspan="3"&gt;&lt;a href="delete_success.png"&gt;&lt;img src="delete_success.png" width="800px"&gt;&lt;/a&gt;</msg>
<arg>delete_success.png</arg>
<doc>Takes a screenshot of the current page and embeds it into a log file.</doc>
<status status="PASS" start="2026-02-18T13:39:11.919060" elapsed="1.080093"/>
</kw>
<status status="PASS" start="2026-02-18T13:39:10.898631" elapsed="2.100522"/>
</kw>
<status status="PASS" start="2026-02-18T13:38:34.765995" elapsed="38.233158"/>
</test>
<kw name="Close Browser" owner="SeleniumLibrary" type="TEARDOWN">
<doc>Closes the current browser.</doc>
<status status="PASS" start="2026-02-18T13:39:13.000152" elapsed="3.087922"/>
</kw>
<status status="PASS" start="2026-02-18T13:38:31.334213" elapsed="44.753861"/>
</suite>
<statistics>
<total>
<stat pass="1" fail="0" skip="0">All Tests</stat>
</total>
<tag>
</tag>
<suite>
<stat name="Tc10" id="s1" pass="1" fail="0" skip="0">Tc10</stat>
</suite>
</statistics>
<errors>
</errors>
</robot>
