<?xml version="1.0" encoding="UTF-8"?>
<robot generator="Robot 7.4.1 (Python 3.12.8 on win32)" generated="2026-02-18T14:16:18.446972" rpa="false" schemaversion="5">
<suite id="s1" name="Tc08" source="C:\SE_Sprint1\Test\TTS00-6_2\tc08.robot">
<kw name="Open Browser To Login Page" type="SETUP">
<kw name="Open Browser" owner="SeleniumLibrary">
<msg time="2026-02-18T14:16:18.600500" level="INFO">Opening browser 'chrome' to base url 'http://localhost:3001/login'.</msg>
<arg>${URL}</arg>
<arg>${BROWSER}</arg>
<doc>Opens a new browser instance to the optional ``url``.</doc>
<status status="PASS" start="2026-02-18T14:16:18.600500" elapsed="1.482222"/>
</kw>
<kw name="Maximize Browser Window" owner="SeleniumLibrary">
<doc>Maximizes current browser window.</doc>
<status status="PASS" start="2026-02-18T14:16:20.082722" elapsed="0.027538"/>
</kw>
<kw name="Set Selenium Speed" owner="SeleniumLibrary">
<arg>1s</arg>
<doc>Sets the delay that is waited after each Selenium command.</doc>
<status status="PASS" start="2026-02-18T14:16:20.110260" elapsed="0.000000"/>
</kw>
<kw name="Capture Page Screenshot" owner="SeleniumLibrary">
<msg time="2026-02-18T14:16:21.348366" level="INFO" html="true">&lt;/td&gt;&lt;/tr&gt;&lt;tr&gt;&lt;td colspan="3"&gt;&lt;a href="upd_login_open.png"&gt;&lt;img src="upd_login_open.png" width="800px"&gt;&lt;/a&gt;</msg>
<arg>upd_login_open.png</arg>
<doc>Takes a screenshot of the current page and embeds it into a log file.</doc>
<status status="PASS" start="2026-02-18T14:16:20.110260" elapsed="1.238106"/>
</kw>
<status status="PASS" start="2026-02-18T14:16:18.599431" elapsed="2.748935"/>
</kw>
<test id="s1-t1" name="Update Report Status To InProgress" line="15">
<kw name="Login As Admin">
<kw name="Wait Until Element Is Visible" owner="SeleniumLibrary">
<arg>id=identifier</arg>
<arg>15s</arg>
<doc>Waits until the element ``locator`` is visible.</doc>
<status status="PASS" start="2026-02-18T14:16:21.349371" elapsed="2.021083"/>
</kw>
<kw name="Capture Page Screenshot" owner="SeleniumLibrary">
<msg time="2026-02-18T14:16:24.432627" level="INFO" html="true">&lt;/td&gt;&lt;/tr&gt;&lt;tr&gt;&lt;td colspan="3"&gt;&lt;a href="upd_login_page.png"&gt;&lt;img src="upd_login_page.png" width="800px"&gt;&lt;/a&gt;</msg>
<arg>upd_login_page.png</arg>
<doc>Takes a screenshot of the current page and embeds it into a log file.</doc>
<status status="PASS" start="2026-02-18T14:16:23.370454" elapsed="1.063178"/>
</kw>
<kw name="Input Text" owner="SeleniumLibrary">
<msg time="2026-02-18T14:16:24.433632" level="INFO">Typing text 'admin123' into text field 'id=identifier'.</msg>
<arg>id=identifier</arg>
<arg>${ADMIN_USER}</arg>
<doc>Types the given ``text`` into the text field identified by ``locator``.</doc>
<status status="PASS" start="2026-02-18T14:16:24.433632" elapsed="3.068207"/>
</kw>
<kw name="Input Text" owner="SeleniumLibrary">
<msg time="2026-02-18T14:16:27.501839" level="INFO">Typing text '123456789' into text field 'xpath=//input[@type='password']'.</msg>
<arg>xpath=//input[@type='password']</arg>
<arg>${ADMIN_PASS}</arg>
<doc>Types the given ``text`` into the text field identified by ``locator``.</doc>
<status status="PASS" start="2026-02-18T14:16:27.501839" elapsed="3.055711"/>
</kw>
<kw name="Capture Page Screenshot" owner="SeleniumLibrary">
<msg time="2026-02-18T14:16:33.428337" level="INFO" html="true">&lt;/td&gt;&lt;/tr&gt;&lt;tr&gt;&lt;td colspan="3"&gt;&lt;a href="upd_login_filled.png"&gt;&lt;img src="upd_login_filled.png" width="800px"&gt;&lt;/a&gt;</msg>
<arg>upd_login_filled.png</arg>
<doc>Takes a screenshot of the current page and embeds it into a log file.</doc>
<status status="PASS" start="2026-02-18T14:16:30.558577" elapsed="2.869760"/>
</kw>
<kw name="Click Element" owner="SeleniumLibrary">
<msg time="2026-02-18T14:16:33.428337" level="INFO">Clicking element 'xpath=//button[normalize-space()='เข้าสู่ระบบ']'.</msg>
<arg>xpath=//button[normalize-space()='เข้าสู่ระบบ']</arg>
<doc>Click the element identified by ``locator``.</doc>
<status status="PASS" start="2026-02-18T14:16:33.428337" elapsed="2.078151"/>
</kw>
<kw name="Wait Until Element Is Not Visible" owner="SeleniumLibrary">
<arg>id=identifier</arg>
<arg>15s</arg>
<doc>Waits until the element ``locator`` is not visible.</doc>
<status status="PASS" start="2026-02-18T14:16:35.506488" elapsed="1.005235"/>
</kw>
<kw name="Capture Page Screenshot" owner="SeleniumLibrary">
<msg time="2026-02-18T14:16:37.636409" level="INFO" html="true">&lt;/td&gt;&lt;/tr&gt;&lt;tr&gt;&lt;td colspan="3"&gt;&lt;a href="upd_login_success.png"&gt;&lt;img src="upd_login_success.png" width="800px"&gt;&lt;/a&gt;</msg>
<arg>upd_login_success.png</arg>
<doc>Takes a screenshot of the current page and embeds it into a log file.</doc>
<status status="PASS" start="2026-02-18T14:16:36.511723" elapsed="1.124686"/>
</kw>
<status status="PASS" start="2026-02-18T14:16:21.349371" elapsed="16.287038"/>
</kw>
<kw name="Open Report Management">
<kw name="Go To" owner="SeleniumLibrary">
<msg time="2026-02-18T14:16:37.636409" level="INFO">Opening url 'http://localhost:3001/admin/reports'</msg>
<arg>http://localhost:3001/admin/reports</arg>
<doc>Navigates the current browser window to the provided ``url``.</doc>
<status status="PASS" start="2026-02-18T14:16:37.636409" elapsed="1.551974"/>
</kw>
<kw name="Wait Until Location Contains" owner="SeleniumLibrary">
<arg>admin/reports</arg>
<arg>15s</arg>
<doc>Waits until the current URL contains ``expected``.</doc>
<status status="PASS" start="2026-02-18T14:16:39.188892" elapsed="1.007703"/>
</kw>
<kw name="Capture Page Screenshot" owner="SeleniumLibrary">
<msg time="2026-02-18T14:16:41.304680" level="INFO" html="true">&lt;/td&gt;&lt;/tr&gt;&lt;tr&gt;&lt;td colspan="3"&gt;&lt;a href="upd_reports_page.png"&gt;&lt;img src="upd_reports_page.png" width="800px"&gt;&lt;/a&gt;</msg>
<arg>upd_reports_page.png</arg>
<doc>Takes a screenshot of the current page and embeds it into a log file.</doc>
<status status="PASS" start="2026-02-18T14:16:40.197102" elapsed="1.107578"/>
</kw>
<status status="PASS" start="2026-02-18T14:16:37.636409" elapsed="3.669269"/>
</kw>
<kw name="Open Report Detail">
<kw name="Go To" owner="SeleniumLibrary">
<msg time="2026-02-18T14:16:41.306677" level="INFO">Opening url 'http://localhost:3001/admin/reports/cmlro327q0004124t4t68g2cg'</msg>
<arg>http://localhost:3001/admin/reports/${REPORT_ID}</arg>
<doc>Navigates the current browser window to the provided ``url``.</doc>
<status status="PASS" start="2026-02-18T14:16:41.306677" elapsed="1.185592"/>
</kw>
<kw name="Wait Until Location Contains" owner="SeleniumLibrary">
<arg>admin/reports</arg>
<arg>15s</arg>
<doc>Waits until the current URL contains ``expected``.</doc>
<status status="PASS" start="2026-02-18T14:16:42.492269" elapsed="1.010110"/>
</kw>
<kw name="Wait Until Keyword Succeeds" owner="BuiltIn">
<kw name="Element Should Be Visible" owner="SeleniumLibrary">
<msg time="2026-02-18T14:16:45.523983" level="INFO">Element 'xpath=//select' is displayed.</msg>
<arg>xpath=//select</arg>
<doc>Verifies that the element identified by ``locator`` is visible.</doc>
<status status="PASS" start="2026-02-18T14:16:43.503386" elapsed="2.020597"/>
</kw>
<arg>15s</arg>
<arg>1s</arg>
<arg>Element Should Be Visible</arg>
<arg>xpath=//select</arg>
<doc>Runs the specified keyword and retries if it fails.</doc>
<status status="PASS" start="2026-02-18T14:16:43.502379" elapsed="2.021604"/>
</kw>
<kw name="Capture Page Screenshot" owner="SeleniumLibrary">
<msg time="2026-02-18T14:16:46.605374" level="INFO" html="true">&lt;/td&gt;&lt;/tr&gt;&lt;tr&gt;&lt;td colspan="3"&gt;&lt;a href="upd_detail_page_loaded.png"&gt;&lt;img src="upd_detail_page_loaded.png" width="800px"&gt;&lt;/a&gt;</msg>
<arg>upd_detail_page_loaded.png</arg>
<doc>Takes a screenshot of the current page and embeds it into a log file.</doc>
<status status="PASS" start="2026-02-18T14:16:45.523983" elapsed="1.081391"/>
</kw>
<status status="PASS" start="2026-02-18T14:16:41.305678" elapsed="5.299696"/>
</kw>
<kw name="Update Status">
<kw name="Select From List By Value" owner="SeleniumLibrary">
<msg time="2026-02-18T14:16:46.606955" level="INFO">Selecting options from selection list 'xpath=//select' by value RESOLVED.</msg>
<arg>xpath=//select</arg>
<arg>${status_value}</arg>
<doc>Selects options from selection list ``locator`` by ``values``.</doc>
<status status="PASS" start="2026-02-18T14:16:46.606955" elapsed="8.071253"/>
</kw>
<kw name="Capture Page Screenshot" owner="SeleniumLibrary">
<msg time="2026-02-18T14:16:55.783596" level="INFO" html="true">&lt;/td&gt;&lt;/tr&gt;&lt;tr&gt;&lt;td colspan="3"&gt;&lt;a href="upd_status_selected.png"&gt;&lt;img src="upd_status_selected.png" width="800px"&gt;&lt;/a&gt;</msg>
<arg>upd_status_selected.png</arg>
<doc>Takes a screenshot of the current page and embeds it into a log file.</doc>
<status status="PASS" start="2026-02-18T14:16:54.678716" elapsed="1.105881"/>
</kw>
<kw name="Wait Until Element Is Visible" owner="SeleniumLibrary">
<arg>xpath=//textarea[contains(@placeholder,'หมายเหตุ')]</arg>
<arg>5s</arg>
<doc>Waits until the element ``locator`` is visible.</doc>
<status status="PASS" start="2026-02-18T14:16:55.784597" elapsed="2.023456"/>
</kw>
<kw name="Execute Javascript" owner="SeleniumLibrary">
<msg time="2026-02-18T14:16:57.809256" level="INFO">Executing JavaScript:
var el = document.querySelector("textarea[placeholder*='หมายเหตุ']");el.value = "ดำเนินการแก้ไขเรียบร้อยแล้ว";el.dispatchEvent(new Event('input', { bubbles: true }));el.dispatchEvent(new Event('change', { bubbles: true }));
Without any arguments.</msg>
<arg>var el = document.querySelector("textarea[placeholder*='หมายเหตุ']");</arg>
<arg>el.value = "${note}";</arg>
<arg>el.dispatchEvent(new Event('input', { bubbles: true }));</arg>
<arg>el.dispatchEvent(new Event('change', { bubbles: true }));</arg>
<doc>Executes the given JavaScript code with possible arguments.</doc>
<status status="PASS" start="2026-02-18T14:16:57.808053" elapsed="1.013523"/>
</kw>
<kw name="Capture Page Screenshot" owner="SeleniumLibrary">
<msg time="2026-02-18T14:16:59.914774" level="INFO" html="true">&lt;/td&gt;&lt;/tr&gt;&lt;tr&gt;&lt;td colspan="3"&gt;&lt;a href="upd_note_entered.png"&gt;&lt;img src="upd_note_entered.png" width="800px"&gt;&lt;/a&gt;</msg>
<arg>upd_note_entered.png</arg>
<doc>Takes a screenshot of the current page and embeds it into a log file.</doc>
<status status="PASS" start="2026-02-18T14:16:58.821576" elapsed="1.093198"/>
</kw>
<kw name="Execute Javascript" owner="SeleniumLibrary">
<msg time="2026-02-18T14:16:59.915777" level="INFO">Executing JavaScript:
document.evaluate("//button[normalize-space()='บันทึก']", document, null, XPathResult.FIRST_ORDERED_NODE_TYPE, null).singleNodeValue.click();
Without any arguments.</msg>
<arg>document.evaluate("//button[normalize-space()='บันทึก']", document, null, XPathResult.FIRST_ORDERED_NODE_TYPE, null).singleNodeValue.click();</arg>
<doc>Executes the given JavaScript code with possible arguments.</doc>
<status status="PASS" start="2026-02-18T14:16:59.914774" elapsed="1.013069"/>
</kw>
<kw name="Capture Page Screenshot" owner="SeleniumLibrary">
<msg time="2026-02-18T14:17:02.011910" level="INFO" html="true">&lt;/td&gt;&lt;/tr&gt;&lt;tr&gt;&lt;td colspan="3"&gt;&lt;a href="upd_save_clicked.png"&gt;&lt;img src="upd_save_clicked.png" width="800px"&gt;&lt;/a&gt;</msg>
<arg>upd_save_clicked.png</arg>
<doc>Takes a screenshot of the current page and embeds it into a log file.</doc>
<status status="PASS" start="2026-02-18T14:17:00.928355" elapsed="1.083555"/>
</kw>
<kw name="Sleep" owner="BuiltIn">
<msg time="2026-02-18T14:17:04.013058" level="INFO">Slept 2 seconds.</msg>
<arg>2s</arg>
<doc>Pauses the test executed for the given time.</doc>
<status status="PASS" start="2026-02-18T14:17:02.012911" elapsed="2.000147"/>
</kw>
<kw name="Reload Page" owner="SeleniumLibrary">
<doc>Simulates user reloading page.</doc>
<status status="PASS" start="2026-02-18T14:17:04.013058" elapsed="1.052237"/>
</kw>
<kw name="Wait Until Element Is Visible" owner="SeleniumLibrary">
<arg>xpath=//select</arg>
<arg>10s</arg>
<doc>Waits until the element ``locator`` is visible.</doc>
<status status="PASS" start="2026-02-18T14:17:05.065295" elapsed="2.020654"/>
</kw>
<kw name="Capture Page Screenshot" owner="SeleniumLibrary">
<msg time="2026-02-18T14:17:08.209158" level="INFO" html="true">&lt;/td&gt;&lt;/tr&gt;&lt;tr&gt;&lt;td colspan="3"&gt;&lt;a href="upd_page_reloaded.png"&gt;&lt;img src="upd_page_reloaded.png" width="800px"&gt;&lt;/a&gt;</msg>
<arg>upd_page_reloaded.png</arg>
<doc>Takes a screenshot of the current page and embeds it into a log file.</doc>
<status status="PASS" start="2026-02-18T14:17:07.085949" elapsed="1.123209"/>
</kw>
<kw name="Get Selected List Label" owner="SeleniumLibrary">
<msg time="2026-02-18T14:17:17.304267" level="INFO">${selected_label} = RESOLVED — แก้ไขแล้ว</msg>
<var>${selected_label}</var>
<arg>xpath=//select</arg>
<doc>Returns the label of selected option from selection list ``locator``.</doc>
<status status="PASS" start="2026-02-18T14:17:08.209158" elapsed="9.095109"/>
</kw>
<kw name="Should Contain" owner="BuiltIn">
<arg>${selected_label}</arg>
<arg>แก้ไขแล้ว</arg>
<doc>Fails if ``container`` does not contain ``item`` one or more times.</doc>
<status status="PASS" start="2026-02-18T14:17:17.304267" elapsed="0.001016"/>
</kw>
<kw name="Capture Page Screenshot" owner="SeleniumLibrary">
<msg time="2026-02-18T14:17:18.418898" level="INFO" html="true">&lt;/td&gt;&lt;/tr&gt;&lt;tr&gt;&lt;td colspan="3"&gt;&lt;a href="upd_status_verified.png"&gt;&lt;img src="upd_status_verified.png" width="800px"&gt;&lt;/a&gt;</msg>
<arg>upd_status_verified.png</arg>
<doc>Takes a screenshot of the current page and embeds it into a log file.</doc>
<status status="PASS" start="2026-02-18T14:17:17.305283" elapsed="1.113615"/>
</kw>
<kw name="Get Value" owner="SeleniumLibrary">
<msg time="2026-02-18T14:17:20.442048" level="INFO">${saved_note} = ดำเนินการแก้ไขเรียบร้อยแล้ว</msg>
<var>${saved_note}</var>
<arg>xpath=//textarea[contains(@placeholder,'หมายเหตุ')]</arg>
<doc>Returns the value attribute of the element identified by ``locator``.</doc>
<status status="PASS" start="2026-02-18T14:17:18.419412" elapsed="2.022636"/>
</kw>
<kw name="Should Be Equal" owner="BuiltIn">
<arg>${saved_note}</arg>
<arg>${note}</arg>
<doc>Fails if the given objects are unequal.</doc>
<status status="PASS" start="2026-02-18T14:17:20.442048" elapsed="0.000000"/>
</kw>
<kw name="Capture Page Screenshot" owner="SeleniumLibrary">
<msg time="2026-02-18T14:17:21.519138" level="INFO" html="true">&lt;/td&gt;&lt;/tr&gt;&lt;tr&gt;&lt;td colspan="3"&gt;&lt;a href="upd_note_verified.png"&gt;&lt;img src="upd_note_verified.png" width="800px"&gt;&lt;/a&gt;</msg>
<arg>upd_note_verified.png</arg>
<doc>Takes a screenshot of the current page and embeds it into a log file.</doc>
<status status="PASS" start="2026-02-18T14:17:20.442048" elapsed="1.077090"/>
</kw>
<arg>RESOLVED</arg>
<arg>ดำเนินการแก้ไขเรียบร้อยแล้ว</arg>
<status status="PASS" start="2026-02-18T14:16:46.606955" elapsed="34.912183"/>
</kw>
<status status="PASS" start="2026-02-18T14:16:21.349371" elapsed="60.169767"/>
</test>
<kw name="Close Browser" owner="SeleniumLibrary" type="TEARDOWN">
<doc>Closes the current browser.</doc>
<status status="PASS" start="2026-02-18T14:17:21.520145" elapsed="3.091503"/>
</kw>
<status status="PASS" start="2026-02-18T14:16:18.446972" elapsed="66.164676"/>
</suite>
<statistics>
<total>
<stat pass="1" fail="0" skip="0">All Tests</stat>
</total>
<tag>
</tag>
<suite>
<stat name="Tc08" id="s1" pass="1" fail="0" skip="0">Tc08</stat>
</suite>
</statistics>
<errors>
</errors>
</robot>
