<?xml version="1.0" encoding="UTF-8"?>
<robot generator="Robot 7.4.1 (Python 3.12.8 on win32)" generated="2026-02-18T13:45:37.943502" rpa="false" schemaversion="5">
<suite id="s1" name="Tc03" source="C:\SE_Sprint1\Test\TS00-2\tc03.robot">
<kw name="Open Browser To Login Page" type="SETUP">
<kw name="Open Browser" owner="SeleniumLibrary">
<msg time="2026-02-18T13:45:38.109598" level="INFO">Opening browser 'Chrome' to base url 'http://localhost:3001/login'.</msg>
<arg>${URL}</arg>
<arg>${BROWSER}</arg>
<doc>Opens a new browser instance to the optional ``url``.</doc>
<status status="PASS" start="2026-02-18T13:45:38.109598" elapsed="1.820963"/>
</kw>
<kw name="Maximize Browser Window" owner="SeleniumLibrary">
<doc>Maximizes current browser window.</doc>
<status status="PASS" start="2026-02-18T13:45:39.931560" elapsed="0.028664"/>
</kw>
<kw name="Set Selenium Speed" owner="SeleniumLibrary">
<arg>1s</arg>
<doc>Sets the delay that is waited after each Selenium command.</doc>
<status status="PASS" start="2026-02-18T13:45:39.961225" elapsed="0.000000"/>
</kw>
<kw name="Capture Page Screenshot" owner="SeleniumLibrary">
<msg time="2026-02-18T13:45:41.173420" level="INFO" html="true">&lt;/td&gt;&lt;/tr&gt;&lt;tr&gt;&lt;td colspan="3"&gt;&lt;a href="fail_login_open.png"&gt;&lt;img src="fail_login_open.png" width="800px"&gt;&lt;/a&gt;</msg>
<arg>fail_login_open.png</arg>
<doc>Takes a screenshot of the current page and embeds it into a log file.</doc>
<status status="PASS" start="2026-02-18T13:45:39.961225" elapsed="1.212195"/>
</kw>
<status status="PASS" start="2026-02-18T13:45:38.109094" elapsed="3.064326"/>
</kw>
<test id="s1-t1" name="Create New Incident Report Not Successfully" line="19">
<kw name="Login To System">
<kw name="Wait Until Element Is Visible" owner="SeleniumLibrary">
<arg>id=identifier</arg>
<arg>10s</arg>
<doc>Waits until the element ``locator`` is visible.</doc>
<status status="PASS" start="2026-02-18T13:45:41.174928" elapsed="2.015626"/>
</kw>
<kw name="Capture Page Screenshot" owner="SeleniumLibrary">
<msg time="2026-02-18T13:45:44.253758" level="INFO" html="true">&lt;/td&gt;&lt;/tr&gt;&lt;tr&gt;&lt;td colspan="3"&gt;&lt;a href="fail_login_page.png"&gt;&lt;img src="fail_login_page.png" width="800px"&gt;&lt;/a&gt;</msg>
<arg>fail_login_page.png</arg>
<doc>Takes a screenshot of the current page and embeds it into a log file.</doc>
<status status="PASS" start="2026-02-18T13:45:43.191065" elapsed="1.062693"/>
</kw>
<kw name="Input Text" owner="SeleniumLibrary">
<msg time="2026-02-18T13:45:44.253758" level="INFO">Typing text 'User01' into text field 'id=identifier'.</msg>
<arg>id=identifier</arg>
<arg>${USERNAME}</arg>
<doc>Types the given ``text`` into the text field identified by ``locator``.</doc>
<status status="PASS" start="2026-02-18T13:45:44.253758" elapsed="3.064040"/>
</kw>
<kw name="Input Text" owner="SeleniumLibrary">
<msg time="2026-02-18T13:45:47.318310" level="INFO">Typing text 't1234567' into text field 'xpath=//input[@type="password"]'.</msg>
<arg>xpath=//input[@type="password"]</arg>
<arg>${PASSWORD}</arg>
<doc>Types the given ``text`` into the text field identified by ``locator``.</doc>
<status status="PASS" start="2026-02-18T13:45:47.318310" elapsed="3.052627"/>
</kw>
<kw name="Capture Page Screenshot" owner="SeleniumLibrary">
<msg time="2026-02-18T13:45:51.442755" level="INFO" html="true">&lt;/td&gt;&lt;/tr&gt;&lt;tr&gt;&lt;td colspan="3"&gt;&lt;a href="fail_login_filled.png"&gt;&lt;img src="fail_login_filled.png" width="800px"&gt;&lt;/a&gt;</msg>
<arg>fail_login_filled.png</arg>
<doc>Takes a screenshot of the current page and embeds it into a log file.</doc>
<status status="PASS" start="2026-02-18T13:45:50.370937" elapsed="1.073272"/>
</kw>
<kw name="Click Element" owner="SeleniumLibrary">
<msg time="2026-02-18T13:45:51.444209" level="INFO">Clicking element 'xpath=//button[@type="submit"]'.</msg>
<arg>xpath=//button[@type="submit"]</arg>
<doc>Click the element identified by ``locator``.</doc>
<status status="PASS" start="2026-02-18T13:45:51.444209" elapsed="2.036086"/>
</kw>
<kw name="Wait Until Location Contains" owner="SeleniumLibrary">
<arg>localhost:3001</arg>
<arg>10s</arg>
<doc>Waits until the current URL contains ``expected``.</doc>
<status status="PASS" start="2026-02-18T13:45:53.480295" elapsed="1.003755"/>
</kw>
<kw name="Capture Page Screenshot" owner="SeleniumLibrary">
<msg time="2026-02-18T13:45:55.551698" level="INFO" html="true">&lt;/td&gt;&lt;/tr&gt;&lt;tr&gt;&lt;td colspan="3"&gt;&lt;a href="fail_login_success.png"&gt;&lt;img src="fail_login_success.png" width="800px"&gt;&lt;/a&gt;</msg>
<arg>fail_login_success.png</arg>
<doc>Takes a screenshot of the current page and embeds it into a log file.</doc>
<status status="PASS" start="2026-02-18T13:45:54.484050" elapsed="1.067648"/>
</kw>
<status status="PASS" start="2026-02-18T13:45:41.174928" elapsed="14.376770"/>
</kw>
<kw name="Go To My Report Page">
<kw name="Wait Until Element Is Visible" owner="SeleniumLibrary">
<arg>xpath=//a[contains(@href,'myReports')]</arg>
<arg>5s</arg>
<doc>Waits until the element ``locator`` is visible.</doc>
<status status="PASS" start="2026-02-18T13:45:55.551698" elapsed="2.018072"/>
</kw>
<kw name="Click Element" owner="SeleniumLibrary">
<msg time="2026-02-18T13:45:57.569770" level="INFO">Clicking element 'xpath=//a[contains(@href,'myReports')]'.</msg>
<arg>xpath=//a[contains(@href,'myReports')]</arg>
<doc>Click the element identified by ``locator``.</doc>
<status status="PASS" start="2026-02-18T13:45:57.569770" elapsed="2.043720"/>
</kw>
<kw name="Wait Until Location Contains" owner="SeleniumLibrary">
<arg>myReports</arg>
<arg>10s</arg>
<doc>Waits until the current URL contains ``expected``.</doc>
<status status="PASS" start="2026-02-18T13:45:59.613490" elapsed="1.006263"/>
</kw>
<kw name="Capture Page Screenshot" owner="SeleniumLibrary">
<msg time="2026-02-18T13:46:01.705176" level="INFO" html="true">&lt;/td&gt;&lt;/tr&gt;&lt;tr&gt;&lt;td colspan="3"&gt;&lt;a href="fail_myreports_page.png"&gt;&lt;img src="fail_myreports_page.png" width="800px"&gt;&lt;/a&gt;</msg>
<arg>fail_myreports_page.png</arg>
<doc>Takes a screenshot of the current page and embeds it into a log file.</doc>
<status status="PASS" start="2026-02-18T13:46:00.619753" elapsed="1.085423"/>
</kw>
<status status="PASS" start="2026-02-18T13:45:55.551698" elapsed="6.153478"/>
</kw>
<kw name="Fill Incident Report Form">
<kw name="Wait Until Element Is Visible" owner="SeleniumLibrary">
<arg>xpath=//button[normalize-space()='สูง']</arg>
<arg>5s</arg>
<doc>Waits until the element ``locator`` is visible.</doc>
<status status="PASS" start="2026-02-18T13:46:01.706379" elapsed="2.017654"/>
</kw>
<kw name="Click Element" owner="SeleniumLibrary">
<msg time="2026-02-18T13:46:03.724033" level="INFO">Clicking element 'xpath=//button[normalize-space()='สูง']'.</msg>
<arg>xpath=//button[normalize-space()='สูง']</arg>
<doc>Click the element identified by ``locator``.</doc>
<status status="PASS" start="2026-02-18T13:46:03.724033" elapsed="2.041902"/>
</kw>
<kw name="Capture Page Screenshot" owner="SeleniumLibrary">
<msg time="2026-02-18T13:46:06.841654" level="INFO" html="true">&lt;/td&gt;&lt;/tr&gt;&lt;tr&gt;&lt;td colspan="3"&gt;&lt;a href="fail_priority_selected.png"&gt;&lt;img src="fail_priority_selected.png" width="800px"&gt;&lt;/a&gt;</msg>
<arg>fail_priority_selected.png</arg>
<doc>Takes a screenshot of the current page and embeds it into a log file.</doc>
<status status="PASS" start="2026-02-18T13:46:05.765935" elapsed="1.075719"/>
</kw>
<kw name="Choose File" owner="SeleniumLibrary">
<msg time="2026-02-18T13:46:06.842650" level="INFO">Sending C:\SE_Sprint1\Test\TS00-2\test.jpg to browser.</msg>
<arg>xpath=//input[@type='file']</arg>
<arg>${IMAGE_PATH}</arg>
<doc>Inputs the ``file_path`` into the file input field ``locator``.</doc>
<status status="PASS" start="2026-02-18T13:46:06.842650" elapsed="2.023254"/>
</kw>
<kw name="Capture Page Screenshot" owner="SeleniumLibrary">
<msg time="2026-02-18T13:46:09.953527" level="INFO" html="true">&lt;/td&gt;&lt;/tr&gt;&lt;tr&gt;&lt;td colspan="3"&gt;&lt;a href="fail_image_uploaded.png"&gt;&lt;img src="fail_image_uploaded.png" width="800px"&gt;&lt;/a&gt;</msg>
<arg>fail_image_uploaded.png</arg>
<doc>Takes a screenshot of the current page and embeds it into a log file.</doc>
<status status="PASS" start="2026-02-18T13:46:08.865904" elapsed="1.087623"/>
</kw>
<kw name="Pause Execution" owner="Dialogs">
<arg>กรุณาคลิกปักหมุดบนแผนที่ แล้วกด OK เพื่อดำเนินการต่อ</arg>
<doc>Pauses execution until user clicks ``Ok`` button.</doc>
<status status="PASS" start="2026-02-18T13:46:09.953527" elapsed="20.698667"/>
</kw>
<kw name="Capture Page Screenshot" owner="SeleniumLibrary">
<msg time="2026-02-18T13:46:31.734860" level="INFO" html="true">&lt;/td&gt;&lt;/tr&gt;&lt;tr&gt;&lt;td colspan="3"&gt;&lt;a href="fail_location_selected.png"&gt;&lt;img src="fail_location_selected.png" width="800px"&gt;&lt;/a&gt;</msg>
<arg>fail_location_selected.png</arg>
<doc>Takes a screenshot of the current page and embeds it into a log file.</doc>
<status status="PASS" start="2026-02-18T13:46:30.652194" elapsed="1.082666"/>
</kw>
<status status="PASS" start="2026-02-18T13:46:01.705176" elapsed="30.030692"/>
</kw>
<kw name="Submit Report">
<kw name="Click Element" owner="SeleniumLibrary">
<msg time="2026-02-18T13:46:31.736911" level="INFO">Clicking element 'xpath=//button[normalize-space()='ส่งรายงาน']'.</msg>
<arg>xpath=//button[normalize-space()='ส่งรายงาน']</arg>
<doc>Click the element identified by ``locator``.</doc>
<status status="PASS" start="2026-02-18T13:46:31.735868" elapsed="2.048483"/>
</kw>
<kw name="Capture Page Screenshot" owner="SeleniumLibrary">
<msg time="2026-02-18T13:46:34.873394" level="INFO" html="true">&lt;/td&gt;&lt;/tr&gt;&lt;tr&gt;&lt;td colspan="3"&gt;&lt;a href="fail_submit_clicked.png"&gt;&lt;img src="fail_submit_clicked.png" width="800px"&gt;&lt;/a&gt;</msg>
<arg>fail_submit_clicked.png</arg>
<doc>Takes a screenshot of the current page and embeds it into a log file.</doc>
<status status="PASS" start="2026-02-18T13:46:33.784860" elapsed="1.088534"/>
</kw>
<status status="PASS" start="2026-02-18T13:46:31.735868" elapsed="3.137526"/>
</kw>
<kw name="Verify Alert Message">
<kw name="Wait Until Page Contains" owner="SeleniumLibrary">
<arg>กรุณากรอกข้อมูลให้ครบทุกช่อง (ประเภท, หัวข้อ, รายละเอียด)</arg>
<arg>10s</arg>
<doc>Waits until ``text`` appears on the current page.</doc>
<status status="PASS" start="2026-02-18T13:46:34.873394" elapsed="1.014602"/>
</kw>
<kw name="Capture Page Screenshot" owner="SeleniumLibrary">
<msg time="2026-02-18T13:46:36.970342" level="INFO" html="true">&lt;/td&gt;&lt;/tr&gt;&lt;tr&gt;&lt;td colspan="3"&gt;&lt;a href="fail_error_message_displayed.png"&gt;&lt;img src="fail_error_message_displayed.png" width="800px"&gt;&lt;/a&gt;</msg>
<arg>fail_error_message_displayed.png</arg>
<doc>Takes a screenshot of the current page and embeds it into a log file.</doc>
<status status="PASS" start="2026-02-18T13:46:35.887996" elapsed="1.082346"/>
</kw>
<status status="PASS" start="2026-02-18T13:46:34.873394" elapsed="2.097948"/>
</kw>
<doc>ทดสอบการแจ้งรายงานเหตุการณ์ใหม่ไม่สำเร็จ</doc>
<status status="PASS" start="2026-02-18T13:45:41.173420" elapsed="55.798166"/>
</test>
<kw name="Close Browser" owner="SeleniumLibrary" type="TEARDOWN">
<doc>Closes the current browser.</doc>
<status status="PASS" start="2026-02-18T13:46:36.972715" elapsed="3.082259"/>
</kw>
<status status="PASS" start="2026-02-18T13:45:37.943502" elapsed="62.111472"/>
</suite>
<statistics>
<total>
<stat pass="1" fail="0" skip="0">All Tests</stat>
</total>
<tag>
</tag>
<suite>
<stat name="Tc03" id="s1" pass="1" fail="0" skip="0">Tc03</stat>
</suite>
</statistics>
<errors>
</errors>
</robot>
