<?xml version="1.0" encoding="UTF-8"?>
<robot generator="Robot 7.4.1 (Python 3.12.8 on win32)" generated="2026-03-04T15:00:52.964646" rpa="false" schemaversion="5">
<suite id="s1" name="Tc13" source="C:\SE\Sprint2\Test\Code\TS008_2_Searching for Admin side reports\tc13.robot">
<kw name="Open Browser To Login Page" type="SETUP">
<kw name="Open Browser" owner="SeleniumLibrary">
<msg time="2026-03-04T15:00:53.116221" level="INFO">Opening browser 'chrome' to base url 'http://localhost:3001/login'.</msg>
<arg>${URL}</arg>
<arg>${BROWSER}</arg>
<doc>Opens a new browser instance to the optional ``url``.</doc>
<status status="PASS" start="2026-03-04T15:00:53.115220" elapsed="1.648576"/>
</kw>
<kw name="Maximize Browser Window" owner="SeleniumLibrary">
<doc>Maximizes current browser window.</doc>
<status status="PASS" start="2026-03-04T15:00:54.763796" elapsed="0.038036"/>
</kw>
<kw name="Set Selenium Speed" owner="SeleniumLibrary">
<arg>1s</arg>
<doc>Sets the delay that is waited after each Selenium command.</doc>
<status status="PASS" start="2026-03-04T15:00:54.801832" elapsed="0.000881"/>
</kw>
<kw name="Capture Page Screenshot" owner="SeleniumLibrary">
<msg time="2026-03-04T15:00:56.060975" level="INFO" html="true">&lt;/td&gt;&lt;/tr&gt;&lt;tr&gt;&lt;td colspan="3"&gt;&lt;a href="login_open.png"&gt;&lt;img src="login_open.png" width="800px"&gt;&lt;/a&gt;</msg>
<arg>login_open.png</arg>
<doc>Takes a screenshot of the current page and embeds it into a log file.</doc>
<status status="PASS" start="2026-03-04T15:00:54.802713" elapsed="1.259268"/>
</kw>
<status status="PASS" start="2026-03-04T15:00:53.115220" elapsed="2.946761"/>
</kw>
<test id="s1-t1" name="Verify Admin Can Filter Reports Successfully" line="13">
<kw name="Login To System">
<kw name="Wait Until Element Is Visible" owner="SeleniumLibrary">
<arg>id=identifier</arg>
<arg>15s</arg>
<doc>Waits until the element ``locator`` is visible.</doc>
<status status="PASS" start="2026-03-04T15:00:56.062691" elapsed="2.019313"/>
</kw>
<kw name="Capture Page Screenshot" owner="SeleniumLibrary">
<msg time="2026-03-04T15:00:59.195480" level="INFO" html="true">&lt;/td&gt;&lt;/tr&gt;&lt;tr&gt;&lt;td colspan="3"&gt;&lt;a href="login_page.png"&gt;&lt;img src="login_page.png" width="800px"&gt;&lt;/a&gt;</msg>
<arg>login_page.png</arg>
<doc>Takes a screenshot of the current page and embeds it into a log file.</doc>
<status status="PASS" start="2026-03-04T15:00:58.082004" elapsed="1.114448"/>
</kw>
<kw name="Input Text" owner="SeleniumLibrary">
<msg time="2026-03-04T15:00:59.196452" level="INFO">Typing text 'admin123' into text field 'id=identifier'.</msg>
<arg>id=identifier</arg>
<arg>${USERNAME}</arg>
<doc>Types the given ``text`` into the text field identified by ``locator``.</doc>
<status status="PASS" start="2026-03-04T15:00:59.196452" elapsed="3.126184"/>
</kw>
<kw name="Input Text" owner="SeleniumLibrary">
<msg time="2026-03-04T15:01:02.323145" level="INFO">Typing text '123456789' into text field 'xpath=//input[@type="password"]'.</msg>
<arg>xpath=//input[@type="password"]</arg>
<arg>${PASSWORD}</arg>
<doc>Types the given ``text`` into the text field identified by ``locator``.</doc>
<status status="PASS" start="2026-03-04T15:01:02.323145" elapsed="3.111417"/>
</kw>
<kw name="Capture Page Screenshot" owner="SeleniumLibrary">
<msg time="2026-03-04T15:01:06.566072" level="INFO" html="true">&lt;/td&gt;&lt;/tr&gt;&lt;tr&gt;&lt;td colspan="3"&gt;&lt;a href="login_filled.png"&gt;&lt;img src="login_filled.png" width="800px"&gt;&lt;/a&gt;</msg>
<arg>login_filled.png</arg>
<doc>Takes a screenshot of the current page and embeds it into a log file.</doc>
<status status="PASS" start="2026-03-04T15:01:05.435075" elapsed="1.130997"/>
</kw>
<kw name="Click Element" owner="SeleniumLibrary">
<msg time="2026-03-04T15:01:06.567072" level="INFO">Clicking element 'xpath=//button[normalize-space()="เข้าสู่ระบบ"]'.</msg>
<arg>xpath=//button[normalize-space()="เข้าสู่ระบบ"]</arg>
<doc>Click the element identified by ``locator``.</doc>
<status status="PASS" start="2026-03-04T15:01:06.566072" elapsed="2.114222"/>
</kw>
<kw name="Wait Until Element Is Not Visible" owner="SeleniumLibrary">
<arg>id=identifier</arg>
<arg>15s</arg>
<doc>Waits until the element ``locator`` is not visible.</doc>
<status status="PASS" start="2026-03-04T15:01:08.680822" elapsed="1.011245"/>
</kw>
<kw name="Capture Page Screenshot" owner="SeleniumLibrary">
<msg time="2026-03-04T15:01:11.278252" level="INFO" html="true">&lt;/td&gt;&lt;/tr&gt;&lt;tr&gt;&lt;td colspan="3"&gt;&lt;a href="login_success.png"&gt;&lt;img src="login_success.png" width="800px"&gt;&lt;/a&gt;</msg>
<arg>login_success.png</arg>
<doc>Takes a screenshot of the current page and embeds it into a log file.</doc>
<status status="PASS" start="2026-03-04T15:01:09.692778" elapsed="1.585474"/>
</kw>
<status status="PASS" start="2026-03-04T15:00:56.062691" elapsed="15.215561"/>
</kw>
<kw name="Go To Report Management">
<kw name="Go To" owner="SeleniumLibrary">
<msg time="2026-03-04T15:01:11.279759" level="INFO">Opening url 'http://localhost:3001/admin/reports'</msg>
<arg>http://localhost:3001/admin/reports</arg>
<doc>Navigates the current browser window to the provided ``url``.</doc>
<status status="PASS" start="2026-03-04T15:01:11.279759" elapsed="2.728023"/>
</kw>
<kw name="Wait Until Location Contains" owner="SeleniumLibrary">
<arg>reports</arg>
<arg>10s</arg>
<doc>Waits until the current URL contains ``expected``.</doc>
<status status="PASS" start="2026-03-04T15:01:14.007782" elapsed="1.012713"/>
</kw>
<kw name="Capture Page Screenshot" owner="SeleniumLibrary">
<msg time="2026-03-04T15:01:16.302189" level="INFO" html="true">&lt;/td&gt;&lt;/tr&gt;&lt;tr&gt;&lt;td colspan="3"&gt;&lt;a href="report_management_page.png"&gt;&lt;img src="report_management_page.png" width="800px"&gt;&lt;/a&gt;</msg>
<arg>report_management_page.png</arg>
<doc>Takes a screenshot of the current page and embeds it into a log file.</doc>
<status status="PASS" start="2026-03-04T15:01:15.020495" elapsed="1.282378"/>
</kw>
<status status="PASS" start="2026-03-04T15:01:11.278252" elapsed="5.024621"/>
</kw>
<kw name="Apply Filters">
<kw name="Wait Until Element Is Visible" owner="SeleniumLibrary">
<arg>xpath=(//select)[1]</arg>
<arg>10s</arg>
<doc>Waits until the element ``locator`` is visible.</doc>
<status status="PASS" start="2026-03-04T15:01:16.304886" elapsed="2.056227"/>
</kw>
<kw name="Capture Page Screenshot" owner="SeleniumLibrary">
<msg time="2026-03-04T15:01:19.603794" level="INFO" html="true">&lt;/td&gt;&lt;/tr&gt;&lt;tr&gt;&lt;td colspan="3"&gt;&lt;a href="before_filter.png"&gt;&lt;img src="before_filter.png" width="800px"&gt;&lt;/a&gt;</msg>
<arg>before_filter.png</arg>
<doc>Takes a screenshot of the current page and embeds it into a log file.</doc>
<status status="PASS" start="2026-03-04T15:01:18.362128" elapsed="1.241666"/>
</kw>
<kw name="Select From List By Value" owner="SeleniumLibrary">
<msg time="2026-03-04T15:01:19.604795" level="INFO">Selecting options from selection list 'xpath=(//select)[1]' by value RESOLVED.</msg>
<arg>xpath=(//select)[1]</arg>
<arg>RESOLVED</arg>
<doc>Selects options from selection list ``locator`` by ``values``.</doc>
<status status="PASS" start="2026-03-04T15:01:19.604795" elapsed="8.167554"/>
</kw>
<kw name="Capture Page Screenshot" owner="SeleniumLibrary">
<msg time="2026-03-04T15:01:29.024321" level="INFO" html="true">&lt;/td&gt;&lt;/tr&gt;&lt;tr&gt;&lt;td colspan="3"&gt;&lt;a href="status_resolved.png"&gt;&lt;img src="status_resolved.png" width="800px"&gt;&lt;/a&gt;</msg>
<arg>status_resolved.png</arg>
<doc>Takes a screenshot of the current page and embeds it into a log file.</doc>
<status status="PASS" start="2026-03-04T15:01:27.772349" elapsed="1.252964"/>
</kw>
<kw name="Select From List By Value" owner="SeleniumLibrary">
<msg time="2026-03-04T15:01:29.025313" level="INFO">Selecting options from selection list 'xpath=(//select)[2]' by value SAFETY.</msg>
<arg>xpath=(//select)[2]</arg>
<arg>SAFETY</arg>
<doc>Selects options from selection list ``locator`` by ``values``.</doc>
<status status="PASS" start="2026-03-04T15:01:29.025313" elapsed="8.137675"/>
</kw>
<kw name="Capture Page Screenshot" owner="SeleniumLibrary">
<msg time="2026-03-04T15:01:38.437168" level="INFO" html="true">&lt;/td&gt;&lt;/tr&gt;&lt;tr&gt;&lt;td colspan="3"&gt;&lt;a href="category_driver.png"&gt;&lt;img src="category_driver.png" width="800px"&gt;&lt;/a&gt;</msg>
<arg>category_driver.png</arg>
<doc>Takes a screenshot of the current page and embeds it into a log file.</doc>
<status status="PASS" start="2026-03-04T15:01:37.164001" elapsed="1.273167"/>
</kw>
<kw name="Select From List By Value" owner="SeleniumLibrary">
<msg time="2026-03-04T15:01:38.438167" level="INFO">Selecting options from selection list 'xpath=(//select)[3]' by value HIGH.</msg>
<arg>xpath=(//select)[3]</arg>
<arg>HIGH</arg>
<doc>Selects options from selection list ``locator`` by ``values``.</doc>
<status status="PASS" start="2026-03-04T15:01:38.437168" elapsed="8.156390"/>
</kw>
<kw name="Capture Page Screenshot" owner="SeleniumLibrary">
<msg time="2026-03-04T15:01:47.854359" level="INFO" html="true">&lt;/td&gt;&lt;/tr&gt;&lt;tr&gt;&lt;td colspan="3"&gt;&lt;a href="priority_high.png"&gt;&lt;img src="priority_high.png" width="800px"&gt;&lt;/a&gt;</msg>
<arg>priority_high.png</arg>
<doc>Takes a screenshot of the current page and embeds it into a log file.</doc>
<status status="PASS" start="2026-03-04T15:01:46.594073" elapsed="1.260286"/>
</kw>
<kw name="Select From List By Value" owner="SeleniumLibrary">
<msg time="2026-03-04T15:01:47.855912" level="INFO">Selecting options from selection list 'xpath=(//select)[4]' by value createdAt:desc.</msg>
<arg>xpath=(//select)[4]</arg>
<arg>createdAt:desc</arg>
<doc>Selects options from selection list ``locator`` by ``values``.</doc>
<status status="PASS" start="2026-03-04T15:01:47.854359" elapsed="8.156322"/>
</kw>
<kw name="Sleep" owner="BuiltIn">
<msg time="2026-03-04T15:01:58.011542" level="INFO">Slept 2 seconds.</msg>
<arg>2s</arg>
<doc>Pauses the test executed for the given time.</doc>
<status status="PASS" start="2026-03-04T15:01:56.011212" elapsed="2.000330"/>
</kw>
<kw name="Capture Page Screenshot" owner="SeleniumLibrary">
<msg time="2026-03-04T15:01:59.244509" level="INFO" html="true">&lt;/td&gt;&lt;/tr&gt;&lt;tr&gt;&lt;td colspan="3"&gt;&lt;a href="filter_applied.png"&gt;&lt;img src="filter_applied.png" width="800px"&gt;&lt;/a&gt;</msg>
<arg>filter_applied.png</arg>
<doc>Takes a screenshot of the current page and embeds it into a log file.</doc>
<status status="PASS" start="2026-03-04T15:01:58.011542" elapsed="1.232967"/>
</kw>
<status status="PASS" start="2026-03-04T15:01:16.304886" elapsed="42.940618"/>
</kw>
<kw name="Verify Filter Result">
<kw name="Page Should Contain Element" owner="SeleniumLibrary">
<msg time="2026-03-04T15:02:00.267560" level="INFO">Current page contains element 'xpath=//span[contains(text(),"RESOLVED")]'.</msg>
<arg>xpath=//span[contains(text(),"RESOLVED")]</arg>
<doc>Verifies that element ``locator`` is found on the current page.</doc>
<status status="PASS" start="2026-03-04T15:01:59.246507" elapsed="1.021053"/>
</kw>
<kw name="Page Should Contain Element" owner="SeleniumLibrary">
<msg time="2026-03-04T15:02:01.288384" level="INFO">Current page contains element 'xpath=//span[contains(text(),"ความปลอดภัย")]'.</msg>
<arg>xpath=//span[contains(text(),"ความปลอดภัย")]</arg>
<doc>Verifies that element ``locator`` is found on the current page.</doc>
<status status="PASS" start="2026-03-04T15:02:00.267560" elapsed="1.020824"/>
</kw>
<kw name="Page Should Contain Element" owner="SeleniumLibrary">
<msg time="2026-03-04T15:02:02.304542" level="INFO">Current page contains element 'xpath=//span[contains(text(),"HIGH")]'.</msg>
<arg>xpath=//span[contains(text(),"HIGH")]</arg>
<doc>Verifies that element ``locator`` is found on the current page.</doc>
<status status="PASS" start="2026-03-04T15:02:01.288911" elapsed="1.016139"/>
</kw>
<kw name="Capture Page Screenshot" owner="SeleniumLibrary">
<msg time="2026-03-04T15:02:03.564582" level="INFO" html="true">&lt;/td&gt;&lt;/tr&gt;&lt;tr&gt;&lt;td colspan="3"&gt;&lt;a href="filter_verify_success.png"&gt;&lt;img src="filter_verify_success.png" width="800px"&gt;&lt;/a&gt;</msg>
<arg>filter_verify_success.png</arg>
<doc>Takes a screenshot of the current page and embeds it into a log file.</doc>
<status status="PASS" start="2026-03-04T15:02:02.305050" elapsed="1.259532"/>
</kw>
<status status="PASS" start="2026-03-04T15:01:59.245504" elapsed="4.319078"/>
</kw>
<status status="PASS" start="2026-03-04T15:00:56.061981" elapsed="67.503600"/>
</test>
<kw name="Close Browser" owner="SeleniumLibrary" type="TEARDOWN">
<doc>Closes the current browser.</doc>
<status status="PASS" start="2026-03-04T15:02:03.565581" elapsed="3.124757"/>
</kw>
<status status="PASS" start="2026-03-04T15:00:52.964646" elapsed="73.725692"/>
</suite>
<statistics>
<total>
<stat pass="1" fail="0" skip="0">All Tests</stat>
</total>
<tag>
</tag>
<suite>
<stat name="Tc13" id="s1" pass="1" fail="0" skip="0">Tc13</stat>
</suite>
</statistics>
<errors>
</errors>
</robot>
